Connecting to database specified by database.yml
Connecting to database specified by database.yml
  [1m[36m (0.1ms)[0m  [1mselect sqlite_version(*)[0m
  [1m[35m (40.2ms)[0m  CREATE TABLE "schema_migrations" ("version" varchar(255) NOT NULL) 
  [1m[36m (0.0ms)[0m  [1mPRAGMA index_list("schema_migrations")[0m
  [1m[35m (11.0ms)[0m  CREATE UNIQUE INDEX "unique_schema_migrations" ON "schema_migrations" ("version")
  [1m[36m (0.1ms)[0m  [1mSELECT "schema_migrations"."version" FROM "schema_migrations" [0m
Migrating to CreateCourses (20121012074851)
  [1m[35m (0.0ms)[0m  begin transaction
  [1m[36m (0.5ms)[0m  [1mCREATE TABLE "courses" ("id" INTEGER PRIMARY KEY AUTOINCREMENT NOT NULL, "course_num" varchar(255), "title" varchar(255), "professor" varchar(255), "created_at" datetime NOT NULL, "updated_at" datetime NOT NULL) [0m
  [1m[35m (0.1ms)[0m  INSERT INTO "schema_migrations" ("version") VALUES ('20121012074851')
  [1m[36m (49.4ms)[0m  [1mcommit transaction[0m
  [1m[35m (0.2ms)[0m  select sqlite_version(*)
  [1m[36m (0.1ms)[0m  [1mSELECT "schema_migrations"."version" FROM "schema_migrations" [0m
  [1m[35m (0.0ms)[0m  PRAGMA index_list("courses")


Started GET "/" for 127.0.0.1 at 2012-10-12 01:19:27 -0700
Connecting to database specified by database.yml

ActionController::RoutingError (uninitialized constant CoursesController):
  activesupport (3.2.8) lib/active_support/inflector/methods.rb:230:in `block in constantize'
  activesupport (3.2.8) lib/active_support/inflector/methods.rb:229:in `each'
  activesupport (3.2.8) lib/active_support/inflector/methods.rb:229:in `constantize'
  actionpack (3.2.8) lib/action_dispatch/routing/route_set.rb:69:in `controller_reference'
  actionpack (3.2.8) lib/action_dispatch/routing/route_set.rb:54:in `controller'
  actionpack (3.2.8) lib/action_dispatch/routing/route_set.rb:32:in `call'
  journey (1.0.4) lib/journey/router.rb:68:in `block in call'
  journey (1.0.4) lib/journey/router.rb:56:in `each'
  journey (1.0.4) lib/journey/router.rb:56:in `call'
  actionpack (3.2.8) lib/action_dispatch/routing/route_set.rb:600:in `call'
  sass (3.2.1) lib/sass/plugin/rack.rb:54:in `call'
  actionpack (3.2.8) lib/action_dispatch/middleware/best_standards_support.rb:17:in `call'
  rack (1.4.1) lib/rack/etag.rb:23:in `call'
  rack (1.4.1) lib/rack/conditionalget.rb:25:in `call'
  actionpack (3.2.8) lib/action_dispatch/middleware/head.rb:14:in `call'
  actionpack (3.2.8) lib/action_dispatch/middleware/params_parser.rb:21:in `call'
  actionpack (3.2.8) lib/action_dispatch/middleware/flash.rb:242:in `call'
  rack (1.4.1) lib/rack/session/abstract/id.rb:205:in `context'
  rack (1.4.1) lib/rack/session/abstract/id.rb:200:in `call'
  actionpack (3.2.8) lib/action_dispatch/middleware/cookies.rb:339:in `call'
  activerecord (3.2.8) lib/active_record/query_cache.rb:64:in `call'
  activerecord (3.2.8) lib/active_record/connection_adapters/abstract/connection_pool.rb:473:in `call'
  actionpack (3.2.8) lib/action_dispatch/middleware/callbacks.rb:28:in `block in call'
  activesupport (3.2.8) lib/active_support/callbacks.rb:405:in `_run__1041363192__call__416825340__callbacks'
  activesupport (3.2.8) lib/active_support/callbacks.rb:405:in `__run_callback'
  activesupport (3.2.8) lib/active_support/callbacks.rb:385:in `_run_call_callbacks'
  activesupport (3.2.8) lib/active_support/callbacks.rb:81:in `run_callbacks'
  actionpack (3.2.8) lib/action_dispatch/middleware/callbacks.rb:27:in `call'
  actionpack (3.2.8) lib/action_dispatch/middleware/reloader.rb:65:in `call'
  actionpack (3.2.8) lib/action_dispatch/middleware/remote_ip.rb:31:in `call'
  actionpack (3.2.8) lib/action_dispatch/middleware/debug_exceptions.rb:16:in `call'
  actionpack (3.2.8) lib/action_dispatch/middleware/show_exceptions.rb:56:in `call'
  railties (3.2.8) lib/rails/rack/logger.rb:26:in `call_app'
  railties (3.2.8) lib/rails/rack/logger.rb:16:in `call'
  actionpack (3.2.8) lib/action_dispatch/middleware/request_id.rb:22:in `call'
  rack (1.4.1) lib/rack/methodoverride.rb:21:in `call'
  rack (1.4.1) lib/rack/runtime.rb:17:in `call'
  activesupport (3.2.8) lib/active_support/cache/strategy/local_cache.rb:72:in `call'
  rack (1.4.1) lib/rack/lock.rb:15:in `call'
  actionpack (3.2.8) lib/action_dispatch/middleware/static.rb:62:in `call'
  railties (3.2.8) lib/rails/engine.rb:479:in `call'
  railties (3.2.8) lib/rails/application.rb:223:in `call'
  rack (1.4.1) lib/rack/content_length.rb:14:in `call'
  railties (3.2.8) lib/rails/rack/log_tailer.rb:17:in `call'
  rack (1.4.1) lib/rack/handler/webrick.rb:59:in `service'
  /usr/local/lib/ruby/1.9.1/webrick/httpserver.rb:111:in `service'
  /usr/local/lib/ruby/1.9.1/webrick/httpserver.rb:70:in `run'
  /usr/local/lib/ruby/1.9.1/webrick/server.rb:183:in `block in start_thread'


  Rendered /usr/local/lib/ruby/gems/1.9.1/gems/actionpack-3.2.8/lib/action_dispatch/middleware/templates/rescues/routing_error.erb within rescues/layout (0.5ms)


Started GET "/" for 127.0.0.1 at 2012-10-12 01:24:22 -0700

ActionController::RoutingError (uninitialized constant CoursesController):
  activesupport (3.2.8) lib/active_support/inflector/methods.rb:230:in `block in constantize'
  activesupport (3.2.8) lib/active_support/inflector/methods.rb:229:in `each'
  activesupport (3.2.8) lib/active_support/inflector/methods.rb:229:in `constantize'
  actionpack (3.2.8) lib/action_dispatch/routing/route_set.rb:69:in `controller_reference'
  actionpack (3.2.8) lib/action_dispatch/routing/route_set.rb:54:in `controller'
  actionpack (3.2.8) lib/action_dispatch/routing/route_set.rb:32:in `call'
  journey (1.0.4) lib/journey/router.rb:68:in `block in call'
  journey (1.0.4) lib/journey/router.rb:56:in `each'
  journey (1.0.4) lib/journey/router.rb:56:in `call'
  actionpack (3.2.8) lib/action_dispatch/routing/route_set.rb:600:in `call'
  sass (3.2.1) lib/sass/plugin/rack.rb:54:in `call'
  actionpack (3.2.8) lib/action_dispatch/middleware/best_standards_support.rb:17:in `call'
  rack (1.4.1) lib/rack/etag.rb:23:in `call'
  rack (1.4.1) lib/rack/conditionalget.rb:25:in `call'
  actionpack (3.2.8) lib/action_dispatch/middleware/head.rb:14:in `call'
  actionpack (3.2.8) lib/action_dispatch/middleware/params_parser.rb:21:in `call'
  actionpack (3.2.8) lib/action_dispatch/middleware/flash.rb:242:in `call'
  rack (1.4.1) lib/rack/session/abstract/id.rb:205:in `context'
  rack (1.4.1) lib/rack/session/abstract/id.rb:200:in `call'
  actionpack (3.2.8) lib/action_dispatch/middleware/cookies.rb:339:in `call'
  activerecord (3.2.8) lib/active_record/query_cache.rb:64:in `call'
  activerecord (3.2.8) lib/active_record/connection_adapters/abstract/connection_pool.rb:473:in `call'
  actionpack (3.2.8) lib/action_dispatch/middleware/callbacks.rb:28:in `block in call'
  activesupport (3.2.8) lib/active_support/callbacks.rb:405:in `_run__1041363192__call__416825340__callbacks'
  activesupport (3.2.8) lib/active_support/callbacks.rb:405:in `__run_callback'
  activesupport (3.2.8) lib/active_support/callbacks.rb:385:in `_run_call_callbacks'
  activesupport (3.2.8) lib/active_support/callbacks.rb:81:in `run_callbacks'
  actionpack (3.2.8) lib/action_dispatch/middleware/callbacks.rb:27:in `call'
  actionpack (3.2.8) lib/action_dispatch/middleware/reloader.rb:65:in `call'
  actionpack (3.2.8) lib/action_dispatch/middleware/remote_ip.rb:31:in `call'
  actionpack (3.2.8) lib/action_dispatch/middleware/debug_exceptions.rb:16:in `call'
  actionpack (3.2.8) lib/action_dispatch/middleware/show_exceptions.rb:56:in `call'
  railties (3.2.8) lib/rails/rack/logger.rb:26:in `call_app'
  railties (3.2.8) lib/rails/rack/logger.rb:16:in `call'
  actionpack (3.2.8) lib/action_dispatch/middleware/request_id.rb:22:in `call'
  rack (1.4.1) lib/rack/methodoverride.rb:21:in `call'
  rack (1.4.1) lib/rack/runtime.rb:17:in `call'
  activesupport (3.2.8) lib/active_support/cache/strategy/local_cache.rb:72:in `call'
  rack (1.4.1) lib/rack/lock.rb:15:in `call'
  actionpack (3.2.8) lib/action_dispatch/middleware/static.rb:62:in `call'
  railties (3.2.8) lib/rails/engine.rb:479:in `call'
  railties (3.2.8) lib/rails/application.rb:223:in `call'
  rack (1.4.1) lib/rack/content_length.rb:14:in `call'
  railties (3.2.8) lib/rails/rack/log_tailer.rb:17:in `call'
  rack (1.4.1) lib/rack/handler/webrick.rb:59:in `service'
  /usr/local/lib/ruby/1.9.1/webrick/httpserver.rb:111:in `service'
  /usr/local/lib/ruby/1.9.1/webrick/httpserver.rb:70:in `run'
  /usr/local/lib/ruby/1.9.1/webrick/server.rb:183:in `block in start_thread'


  Rendered /usr/local/lib/ruby/gems/1.9.1/gems/actionpack-3.2.8/lib/action_dispatch/middleware/templates/rescues/routing_error.erb within rescues/layout (0.5ms)


Started GET "/" for 127.0.0.1 at 2012-10-12 01:24:24 -0700

ActionController::RoutingError (uninitialized constant CoursesController):
  activesupport (3.2.8) lib/active_support/inflector/methods.rb:230:in `block in constantize'
  activesupport (3.2.8) lib/active_support/inflector/methods.rb:229:in `each'
  activesupport (3.2.8) lib/active_support/inflector/methods.rb:229:in `constantize'
  actionpack (3.2.8) lib/action_dispatch/routing/route_set.rb:69:in `controller_reference'
  actionpack (3.2.8) lib/action_dispatch/routing/route_set.rb:54:in `controller'
  actionpack (3.2.8) lib/action_dispatch/routing/route_set.rb:32:in `call'
  journey (1.0.4) lib/journey/router.rb:68:in `block in call'
  journey (1.0.4) lib/journey/router.rb:56:in `each'
  journey (1.0.4) lib/journey/router.rb:56:in `call'
  actionpack (3.2.8) lib/action_dispatch/routing/route_set.rb:600:in `call'
  sass (3.2.1) lib/sass/plugin/rack.rb:54:in `call'
  actionpack (3.2.8) lib/action_dispatch/middleware/best_standards_support.rb:17:in `call'
  rack (1.4.1) lib/rack/etag.rb:23:in `call'
  rack (1.4.1) lib/rack/conditionalget.rb:25:in `call'
  actionpack (3.2.8) lib/action_dispatch/middleware/head.rb:14:in `call'
  actionpack (3.2.8) lib/action_dispatch/middleware/params_parser.rb:21:in `call'
  actionpack (3.2.8) lib/action_dispatch/middleware/flash.rb:242:in `call'
  rack (1.4.1) lib/rack/session/abstract/id.rb:205:in `context'
  rack (1.4.1) lib/rack/session/abstract/id.rb:200:in `call'
  actionpack (3.2.8) lib/action_dispatch/middleware/cookies.rb:339:in `call'
  activerecord (3.2.8) lib/active_record/query_cache.rb:64:in `call'
  activerecord (3.2.8) lib/active_record/connection_adapters/abstract/connection_pool.rb:473:in `call'
  actionpack (3.2.8) lib/action_dispatch/middleware/callbacks.rb:28:in `block in call'
  activesupport (3.2.8) lib/active_support/callbacks.rb:405:in `_run__1041363192__call__416825340__callbacks'
  activesupport (3.2.8) lib/active_support/callbacks.rb:405:in `__run_callback'
  activesupport (3.2.8) lib/active_support/callbacks.rb:385:in `_run_call_callbacks'
  activesupport (3.2.8) lib/active_support/callbacks.rb:81:in `run_callbacks'
  actionpack (3.2.8) lib/action_dispatch/middleware/callbacks.rb:27:in `call'
  actionpack (3.2.8) lib/action_dispatch/middleware/reloader.rb:65:in `call'
  actionpack (3.2.8) lib/action_dispatch/middleware/remote_ip.rb:31:in `call'
  actionpack (3.2.8) lib/action_dispatch/middleware/debug_exceptions.rb:16:in `call'
  actionpack (3.2.8) lib/action_dispatch/middleware/show_exceptions.rb:56:in `call'
  railties (3.2.8) lib/rails/rack/logger.rb:26:in `call_app'
  railties (3.2.8) lib/rails/rack/logger.rb:16:in `call'
  actionpack (3.2.8) lib/action_dispatch/middleware/request_id.rb:22:in `call'
  rack (1.4.1) lib/rack/methodoverride.rb:21:in `call'
  rack (1.4.1) lib/rack/runtime.rb:17:in `call'
  activesupport (3.2.8) lib/active_support/cache/strategy/local_cache.rb:72:in `call'
  rack (1.4.1) lib/rack/lock.rb:15:in `call'
  actionpack (3.2.8) lib/action_dispatch/middleware/static.rb:62:in `call'
  railties (3.2.8) lib/rails/engine.rb:479:in `call'
  railties (3.2.8) lib/rails/application.rb:223:in `call'
  rack (1.4.1) lib/rack/content_length.rb:14:in `call'
  railties (3.2.8) lib/rails/rack/log_tailer.rb:17:in `call'
  rack (1.4.1) lib/rack/handler/webrick.rb:59:in `service'
  /usr/local/lib/ruby/1.9.1/webrick/httpserver.rb:111:in `service'
  /usr/local/lib/ruby/1.9.1/webrick/httpserver.rb:70:in `run'
  /usr/local/lib/ruby/1.9.1/webrick/server.rb:183:in `block in start_thread'


  Rendered /usr/local/lib/ruby/gems/1.9.1/gems/actionpack-3.2.8/lib/action_dispatch/middleware/templates/rescues/routing_error.erb within rescues/layout (0.5ms)


Started GET "/" for 127.0.0.1 at 2012-10-12 01:24:25 -0700

ActionController::RoutingError (uninitialized constant CoursesController):
  activesupport (3.2.8) lib/active_support/inflector/methods.rb:230:in `block in constantize'
  activesupport (3.2.8) lib/active_support/inflector/methods.rb:229:in `each'
  activesupport (3.2.8) lib/active_support/inflector/methods.rb:229:in `constantize'
  actionpack (3.2.8) lib/action_dispatch/routing/route_set.rb:69:in `controller_reference'
  actionpack (3.2.8) lib/action_dispatch/routing/route_set.rb:54:in `controller'
  actionpack (3.2.8) lib/action_dispatch/routing/route_set.rb:32:in `call'
  journey (1.0.4) lib/journey/router.rb:68:in `block in call'
  journey (1.0.4) lib/journey/router.rb:56:in `each'
  journey (1.0.4) lib/journey/router.rb:56:in `call'
  actionpack (3.2.8) lib/action_dispatch/routing/route_set.rb:600:in `call'
  sass (3.2.1) lib/sass/plugin/rack.rb:54:in `call'
  actionpack (3.2.8) lib/action_dispatch/middleware/best_standards_support.rb:17:in `call'
  rack (1.4.1) lib/rack/etag.rb:23:in `call'
  rack (1.4.1) lib/rack/conditionalget.rb:25:in `call'
  actionpack (3.2.8) lib/action_dispatch/middleware/head.rb:14:in `call'
  actionpack (3.2.8) lib/action_dispatch/middleware/params_parser.rb:21:in `call'
  actionpack (3.2.8) lib/action_dispatch/middleware/flash.rb:242:in `call'
  rack (1.4.1) lib/rack/session/abstract/id.rb:205:in `context'
  rack (1.4.1) lib/rack/session/abstract/id.rb:200:in `call'
  actionpack (3.2.8) lib/action_dispatch/middleware/cookies.rb:339:in `call'
  activerecord (3.2.8) lib/active_record/query_cache.rb:64:in `call'
  activerecord (3.2.8) lib/active_record/connection_adapters/abstract/connection_pool.rb:473:in `call'
  actionpack (3.2.8) lib/action_dispatch/middleware/callbacks.rb:28:in `block in call'
  activesupport (3.2.8) lib/active_support/callbacks.rb:405:in `_run__1041363192__call__416825340__callbacks'
  activesupport (3.2.8) lib/active_support/callbacks.rb:405:in `__run_callback'
  activesupport (3.2.8) lib/active_support/callbacks.rb:385:in `_run_call_callbacks'
  activesupport (3.2.8) lib/active_support/callbacks.rb:81:in `run_callbacks'
  actionpack (3.2.8) lib/action_dispatch/middleware/callbacks.rb:27:in `call'
  actionpack (3.2.8) lib/action_dispatch/middleware/reloader.rb:65:in `call'
  actionpack (3.2.8) lib/action_dispatch/middleware/remote_ip.rb:31:in `call'
  actionpack (3.2.8) lib/action_dispatch/middleware/debug_exceptions.rb:16:in `call'
  actionpack (3.2.8) lib/action_dispatch/middleware/show_exceptions.rb:56:in `call'
  railties (3.2.8) lib/rails/rack/logger.rb:26:in `call_app'
  railties (3.2.8) lib/rails/rack/logger.rb:16:in `call'
  actionpack (3.2.8) lib/action_dispatch/middleware/request_id.rb:22:in `call'
  rack (1.4.1) lib/rack/methodoverride.rb:21:in `call'
  rack (1.4.1) lib/rack/runtime.rb:17:in `call'
  activesupport (3.2.8) lib/active_support/cache/strategy/local_cache.rb:72:in `call'
  rack (1.4.1) lib/rack/lock.rb:15:in `call'
  actionpack (3.2.8) lib/action_dispatch/middleware/static.rb:62:in `call'
  railties (3.2.8) lib/rails/engine.rb:479:in `call'
  railties (3.2.8) lib/rails/application.rb:223:in `call'
  rack (1.4.1) lib/rack/content_length.rb:14:in `call'
  railties (3.2.8) lib/rails/rack/log_tailer.rb:17:in `call'
  rack (1.4.1) lib/rack/handler/webrick.rb:59:in `service'
  /usr/local/lib/ruby/1.9.1/webrick/httpserver.rb:111:in `service'
  /usr/local/lib/ruby/1.9.1/webrick/httpserver.rb:70:in `run'
  /usr/local/lib/ruby/1.9.1/webrick/server.rb:183:in `block in start_thread'


  Rendered /usr/local/lib/ruby/gems/1.9.1/gems/actionpack-3.2.8/lib/action_dispatch/middleware/templates/rescues/routing_error.erb within rescues/layout (0.5ms)


Started GET "/" for 127.0.0.1 at 2012-10-12 01:25:22 -0700

SyntaxError (/home/ubuntu/gitDump/FreEdu/app/models/course.rb:5: syntax error, unexpected '=', expecting keyword_end
  validates :professor, :presence =true
                                   ^):
  app/controllers/courses_controller.rb:1:in `<top (required)>'


  Rendered /usr/local/lib/ruby/gems/1.9.1/gems/actionpack-3.2.8/lib/action_dispatch/middleware/templates/rescues/_trace.erb (1.3ms)
  Rendered /usr/local/lib/ruby/gems/1.9.1/gems/actionpack-3.2.8/lib/action_dispatch/middleware/templates/rescues/_request_and_response.erb (12.3ms)
  Rendered /usr/local/lib/ruby/gems/1.9.1/gems/actionpack-3.2.8/lib/action_dispatch/middleware/templates/rescues/diagnostics.erb within rescues/layout (54.3ms)


Started GET "/" for 127.0.0.1 at 2012-10-12 01:26:14 -0700
Processing by CoursesController#index as HTML
  [1m[36mCourse Load (0.1ms)[0m  [1mSELECT "courses".* FROM "courses" [0m
  Rendered courses/index.html.haml within layouts/application (1.6ms)
Compiled application.css  (0ms)  (pid 2976)
Compiled jquery.js  (3ms)  (pid 2976)
Compiled jquery_ujs.js  (0ms)  (pid 2976)
Compiled application.js  (68ms)  (pid 2976)
Completed 200 OK in 346ms (Views: 145.9ms | ActiveRecord: 17.9ms)


Started GET "/assets/application.css?body=1" for 127.0.0.1 at 2012-10-12 01:26:15 -0700
Served asset /application.css - 304 Not Modified (42ms)


Started GET "/assets/application.js?body=1" for 127.0.0.1 at 2012-10-12 01:26:15 -0700
Served asset /application.js - 304 Not Modified (16ms)


Started GET "/assets/jquery_ujs.js?body=1" for 127.0.0.1 at 2012-10-12 01:26:15 -0700
Served asset /jquery_ujs.js - 304 Not Modified (3ms)


Started GET "/assets/jquery.js?body=1" for 127.0.0.1 at 2012-10-12 01:26:15 -0700
Served asset /jquery.js - 304 Not Modified (7ms)
Connecting to database specified by database.yml
  [1m[36m (7.1ms)[0m  [1mselect sqlite_version(*)[0m
  [1m[35m (32.4ms)[0m  CREATE TABLE "courses" ("id" INTEGER PRIMARY KEY AUTOINCREMENT NOT NULL, "course_num" varchar(255), "title" varchar(255), "professor" varchar(255), "created_at" datetime NOT NULL, "updated_at" datetime NOT NULL) 
  [1m[36m (15.7ms)[0m  [1mCREATE TABLE "schema_migrations" ("version" varchar(255) NOT NULL) [0m
  [1m[35m (0.0ms)[0m  PRAGMA index_list("schema_migrations")
  [1m[36m (18.6ms)[0m  [1mCREATE UNIQUE INDEX "unique_schema_migrations" ON "schema_migrations" ("version")[0m
  [1m[35m (0.1ms)[0m  SELECT version FROM "schema_migrations"
  [1m[36m (14.3ms)[0m  [1mINSERT INTO "schema_migrations" (version) VALUES ('20121012074851')[0m
  [1m[35m (0.1ms)[0m  SELECT "schema_migrations"."version" FROM "schema_migrations" 
  [1m[36m (0.0ms)[0m  [1mbegin transaction[0m
  [1m[35mCourse Exists (0.2ms)[0m  SELECT 1 AS one FROM "courses" WHERE "courses"."course_num" = 'course#{num}' LIMIT 1
  [1m[36mCourse Exists (0.1ms)[0m  [1mSELECT 1 AS one FROM "courses" WHERE "courses"."title" = 'course#{num}' LIMIT 1[0m
  [1m[35mSQL (47.6ms)[0m  INSERT INTO "courses" ("course_num", "created_at", "professor", "title", "updated_at") VALUES (?, ?, ?, ?, ?)  [["course_num", "course\#{num}"], ["created_at", Fri, 12 Oct 2012 08:34:05 UTC +00:00], ["professor", "course\#{num}"], ["title", "course\#{num}"], ["updated_at", Fri, 12 Oct 2012 08:34:05 UTC +00:00]]
  [1m[36m (12.7ms)[0m  [1mcommit transaction[0m
  [1m[35m (0.0ms)[0m  begin transaction
  [1m[36mCourse Exists (0.2ms)[0m  [1mSELECT 1 AS one FROM "courses" WHERE "courses"."course_num" = 'course#{num}' LIMIT 1[0m
  [1m[35mCourse Exists (0.4ms)[0m  SELECT 1 AS one FROM "courses" WHERE "courses"."title" = 'course#{num}' LIMIT 1
  [1m[36m (1.0ms)[0m  [1mrollback transaction[0m
  [1m[35m (0.2ms)[0m  begin transaction
  [1m[36mCourse Exists (0.5ms)[0m  [1mSELECT 1 AS one FROM "courses" WHERE "courses"."course_num" = 'course#{num}' LIMIT 1[0m
  [1m[35mCourse Exists (0.7ms)[0m  SELECT 1 AS one FROM "courses" WHERE "courses"."title" = 'course#{num}' LIMIT 1
  [1m[36m (0.3ms)[0m  [1mrollback transaction[0m
  [1m[35m (0.2ms)[0m  begin transaction
  [1m[36mCourse Exists (0.2ms)[0m  [1mSELECT 1 AS one FROM "courses" WHERE "courses"."course_num" = 'course#{num}' LIMIT 1[0m
  [1m[35mCourse Exists (0.1ms)[0m  SELECT 1 AS one FROM "courses" WHERE "courses"."title" = 'course#{num}' LIMIT 1
  [1m[36m (0.1ms)[0m  [1mrollback transaction[0m
  [1m[35m (0.1ms)[0m  begin transaction
  [1m[36mCourse Exists (0.2ms)[0m  [1mSELECT 1 AS one FROM "courses" WHERE "courses"."course_num" = 'course#{num}' LIMIT 1[0m
  [1m[35mCourse Exists (0.3ms)[0m  SELECT 1 AS one FROM "courses" WHERE "courses"."title" = 'course#{num}' LIMIT 1
  [1m[36m (0.1ms)[0m  [1mrollback transaction[0m


Started GET "/" for 127.0.0.1 at 2012-10-12 01:34:10 -0700
Processing by CoursesController#index as HTML
  [1m[35mCourse Load (1.0ms)[0m  SELECT "courses".* FROM "courses" 
  Rendered courses/index.html.haml within layouts/application (0.1ms)
Completed 200 OK in 19ms (Views: 5.3ms | ActiveRecord: 1.0ms)


Started GET "/assets/application.css?body=1" for 127.0.0.1 at 2012-10-12 01:34:10 -0700
Served asset /application.css - 304 Not Modified (0ms)


Started GET "/assets/jquery_ujs.js?body=1" for 127.0.0.1 at 2012-10-12 01:34:10 -0700
Served asset /jquery_ujs.js - 304 Not Modified (0ms)


Started GET "/assets/jquery.js?body=1" for 127.0.0.1 at 2012-10-12 01:34:10 -0700
Served asset /jquery.js - 304 Not Modified (4ms)


Started GET "/assets/application.js?body=1" for 127.0.0.1 at 2012-10-12 01:34:10 -0700
Served asset /application.js - 304 Not Modified (1ms)


Started GET "/" for 127.0.0.1 at 2012-10-12 01:34:11 -0700
Processing by CoursesController#index as HTML
  [1m[36mCourse Load (0.3ms)[0m  [1mSELECT "courses".* FROM "courses" [0m
  Rendered courses/index.html.haml within layouts/application (0.2ms)
Completed 200 OK in 8ms (Views: 6.5ms | ActiveRecord: 0.3ms)


Started GET "/assets/jquery.js?body=1" for 127.0.0.1 at 2012-10-12 01:34:11 -0700
Served asset /jquery.js - 304 Not Modified (2ms)


Started GET "/assets/application.js?body=1" for 127.0.0.1 at 2012-10-12 01:34:11 -0700
Served asset /application.js - 304 Not Modified (2ms)


Started GET "/assets/jquery_ujs.js?body=1" for 127.0.0.1 at 2012-10-12 01:34:11 -0700
Served asset /jquery_ujs.js - 304 Not Modified (1ms)


Started GET "/assets/application.css?body=1" for 127.0.0.1 at 2012-10-12 01:34:11 -0700
Served asset /application.css - 304 Not Modified (0ms)


Started GET "/" for 127.0.0.1 at 2012-10-12 01:34:12 -0700
Processing by CoursesController#index as HTML
  [1m[35mCourse Load (0.2ms)[0m  SELECT "courses".* FROM "courses" 
  Rendered courses/index.html.haml within layouts/application (0.1ms)
Completed 200 OK in 8ms (Views: 3.1ms | ActiveRecord: 0.2ms)


Started GET "/assets/application.css?body=1" for 127.0.0.1 at 2012-10-12 01:34:12 -0700
Served asset /application.css - 304 Not Modified (0ms)


Started GET "/assets/jquery.js?body=1" for 127.0.0.1 at 2012-10-12 01:34:12 -0700
Served asset /jquery.js - 304 Not Modified (2ms)


Started GET "/assets/jquery_ujs.js?body=1" for 127.0.0.1 at 2012-10-12 01:34:12 -0700
Served asset /jquery_ujs.js - 304 Not Modified (0ms)


Started GET "/assets/application.js?body=1" for 127.0.0.1 at 2012-10-12 01:34:12 -0700
Served asset /application.js - 304 Not Modified (1ms)
Connecting to database specified by database.yml
Connecting to database specified by database.yml
  [1m[36m (15.5ms)[0m  [1mselect sqlite_version(*)[0m
  [1m[35m (32.2ms)[0m  CREATE TABLE "courses" ("id" INTEGER PRIMARY KEY AUTOINCREMENT NOT NULL, "course_num" varchar(255), "title" varchar(255), "professor" varchar(255), "created_at" datetime NOT NULL, "updated_at" datetime NOT NULL) 
  [1m[36m (14.6ms)[0m  [1mCREATE TABLE "schema_migrations" ("version" varchar(255) NOT NULL) [0m
  [1m[35m (0.1ms)[0m  PRAGMA index_list("schema_migrations")
  [1m[36m (15.5ms)[0m  [1mCREATE UNIQUE INDEX "unique_schema_migrations" ON "schema_migrations" ("version")[0m
  [1m[35m (0.2ms)[0m  SELECT version FROM "schema_migrations"
  [1m[36m (13.3ms)[0m  [1mINSERT INTO "schema_migrations" (version) VALUES ('20121012074851')[0m
  [1m[35m (0.1ms)[0m  SELECT "schema_migrations"."version" FROM "schema_migrations" 
  [1m[36m (0.1ms)[0m  [1mbegin transaction[0m
  [1m[35mCourse Exists (0.1ms)[0m  SELECT 1 AS one FROM "courses" WHERE "courses"."course_num" = 'course1' LIMIT 1
  [1m[36mCourse Exists (0.0ms)[0m  [1mSELECT 1 AS one FROM "courses" WHERE "courses"."title" = 'course1' LIMIT 1[0m
  [1m[35mSQL (3.1ms)[0m  INSERT INTO "courses" ("course_num", "created_at", "professor", "title", "updated_at") VALUES (?, ?, ?, ?, ?)  [["course_num", "course1"], ["created_at", Fri, 12 Oct 2012 08:39:46 UTC +00:00], ["professor", "course1"], ["title", "course1"], ["updated_at", Fri, 12 Oct 2012 08:39:46 UTC +00:00]]
  [1m[36m (13.6ms)[0m  [1mcommit transaction[0m
  [1m[35m (0.3ms)[0m  begin transaction
  [1m[36mCourse Exists (0.1ms)[0m  [1mSELECT 1 AS one FROM "courses" WHERE "courses"."course_num" = 'course2' LIMIT 1[0m
  [1m[35mCourse Exists (0.1ms)[0m  SELECT 1 AS one FROM "courses" WHERE "courses"."title" = 'course2' LIMIT 1
  [1m[36mSQL (0.3ms)[0m  [1mINSERT INTO "courses" ("course_num", "created_at", "professor", "title", "updated_at") VALUES (?, ?, ?, ?, ?)[0m  [["course_num", "course2"], ["created_at", Fri, 12 Oct 2012 08:39:46 UTC +00:00], ["professor", "course2"], ["title", "course2"], ["updated_at", Fri, 12 Oct 2012 08:39:46 UTC +00:00]]
  [1m[35m (13.8ms)[0m  commit transaction
  [1m[36m (0.0ms)[0m  [1mbegin transaction[0m
  [1m[35mCourse Exists (0.1ms)[0m  SELECT 1 AS one FROM "courses" WHERE "courses"."course_num" = 'course3' LIMIT 1
  [1m[36mCourse Exists (0.0ms)[0m  [1mSELECT 1 AS one FROM "courses" WHERE "courses"."title" = 'course3' LIMIT 1[0m
  [1m[35mSQL (0.3ms)[0m  INSERT INTO "courses" ("course_num", "created_at", "professor", "title", "updated_at") VALUES (?, ?, ?, ?, ?)  [["course_num", "course3"], ["created_at", Fri, 12 Oct 2012 08:39:46 UTC +00:00], ["professor", "course3"], ["title", "course3"], ["updated_at", Fri, 12 Oct 2012 08:39:46 UTC +00:00]]
  [1m[36m (12.0ms)[0m  [1mcommit transaction[0m
  [1m[35m (0.0ms)[0m  begin transaction
  [1m[36mCourse Exists (0.2ms)[0m  [1mSELECT 1 AS one FROM "courses" WHERE "courses"."course_num" = 'course4' LIMIT 1[0m
  [1m[35mCourse Exists (0.1ms)[0m  SELECT 1 AS one FROM "courses" WHERE "courses"."title" = 'course4' LIMIT 1
  [1m[36mSQL (0.3ms)[0m  [1mINSERT INTO "courses" ("course_num", "created_at", "professor", "title", "updated_at") VALUES (?, ?, ?, ?, ?)[0m  [["course_num", "course4"], ["created_at", Fri, 12 Oct 2012 08:39:46 UTC +00:00], ["professor", "course4"], ["title", "course4"], ["updated_at", Fri, 12 Oct 2012 08:39:46 UTC +00:00]]
  [1m[35m (12.6ms)[0m  commit transaction
  [1m[36m (0.1ms)[0m  [1mbegin transaction[0m
  [1m[35mCourse Exists (0.1ms)[0m  SELECT 1 AS one FROM "courses" WHERE "courses"."course_num" = 'course5' LIMIT 1
  [1m[36mCourse Exists (0.1ms)[0m  [1mSELECT 1 AS one FROM "courses" WHERE "courses"."title" = 'course5' LIMIT 1[0m
  [1m[35mSQL (0.3ms)[0m  INSERT INTO "courses" ("course_num", "created_at", "professor", "title", "updated_at") VALUES (?, ?, ?, ?, ?)  [["course_num", "course5"], ["created_at", Fri, 12 Oct 2012 08:39:46 UTC +00:00], ["professor", "course5"], ["title", "course5"], ["updated_at", Fri, 12 Oct 2012 08:39:46 UTC +00:00]]
  [1m[36m (14.0ms)[0m  [1mcommit transaction[0m
Connecting to database specified by database.yml


Started GET "/" for 127.0.0.1 at 2012-10-12 01:40:00 -0700
Processing by CoursesController#index as HTML
  [1m[36mCourse Load (0.3ms)[0m  [1mSELECT "courses".* FROM "courses" [0m
  Rendered courses/index.html.haml within layouts/application (0.1ms)
Completed 200 OK in 11ms (Views: 9.8ms | ActiveRecord: 0.3ms)


Started GET "/assets/application.css?body=1" for 127.0.0.1 at 2012-10-12 01:40:00 -0700
Served asset /application.css - 304 Not Modified (0ms)


Started GET "/assets/jquery_ujs.js?body=1" for 127.0.0.1 at 2012-10-12 01:40:00 -0700
Served asset /jquery_ujs.js - 304 Not Modified (0ms)


Started GET "/assets/application.js?body=1" for 127.0.0.1 at 2012-10-12 01:40:00 -0700
Served asset /application.js - 304 Not Modified (8ms)


Started GET "/assets/jquery.js?body=1" for 127.0.0.1 at 2012-10-12 01:40:00 -0700
Served asset /jquery.js - 304 Not Modified (0ms)


Started GET "/" for 127.0.0.1 at 2012-10-12 01:40:01 -0700
Processing by CoursesController#index as HTML
  [1m[35mCourse Load (3.4ms)[0m  SELECT "courses".* FROM "courses" 
  Rendered courses/index.html.haml within layouts/application (0.1ms)
Completed 200 OK in 18ms (Views: 13.7ms | ActiveRecord: 3.4ms)


Started GET "/assets/application.css?body=1" for 127.0.0.1 at 2012-10-12 01:40:01 -0700
Served asset /application.css - 304 Not Modified (2ms)


Started GET "/assets/jquery.js?body=1" for 127.0.0.1 at 2012-10-12 01:40:01 -0700
Served asset /jquery.js - 304 Not Modified (8ms)


Started GET "/assets/jquery_ujs.js?body=1" for 127.0.0.1 at 2012-10-12 01:40:01 -0700
Served asset /jquery_ujs.js - 304 Not Modified (0ms)


Started GET "/assets/application.js?body=1" for 127.0.0.1 at 2012-10-12 01:40:01 -0700
Served asset /application.js - 304 Not Modified (10ms)


Started GET "/" for 127.0.0.1 at 2012-10-12 01:42:05 -0700

NameError (undefined local variable or method `courses_path' for #<ActionDispatch::Routing::Mapper:0x8eed6b4>):
  config/routes.rb:5:in `block in <top (required)>'
  config/routes.rb:1:in `<top (required)>'


  Rendered /usr/local/lib/ruby/gems/1.9.1/gems/actionpack-3.2.8/lib/action_dispatch/middleware/templates/rescues/_trace.erb (5.1ms)
  Rendered /usr/local/lib/ruby/gems/1.9.1/gems/actionpack-3.2.8/lib/action_dispatch/middleware/templates/rescues/_request_and_response.erb (1.3ms)
  Rendered /usr/local/lib/ruby/gems/1.9.1/gems/actionpack-3.2.8/lib/action_dispatch/middleware/templates/rescues/diagnostics.erb within rescues/layout (14.2ms)


Started GET "/" for 127.0.0.1 at 2012-10-12 01:42:46 -0700
Processing by CoursesController#index as HTML
  [1m[36mCourse Load (0.1ms)[0m  [1mSELECT "courses".* FROM "courses" [0m
  Rendered courses/index.html.haml within layouts/application (13.5ms)
Completed 500 Internal Server Error in 29ms

ActionView::Template::Error (undefined method `find_videos' for #<#<Class:0xb6d7a198>:0xb6d78cbc>):
    13:         %td= course.course_num 
    14:         %td= course.title
    15:         %td= course.professor
    16:         %td= link_to "See Webcasts For This Course", find_videos(course.id) #this path does not exist yet; make it!
  app/views/courses/index.html.haml:16:in `block in _app_views_courses_index_html_haml___331854473__613110738'
  app/views/courses/index.html.haml:11:in `each'
  app/views/courses/index.html.haml:11:in `_app_views_courses_index_html_haml___331854473__613110738'


  Rendered /usr/local/lib/ruby/gems/1.9.1/gems/actionpack-3.2.8/lib/action_dispatch/middleware/templates/rescues/_trace.erb (1.0ms)
  Rendered /usr/local/lib/ruby/gems/1.9.1/gems/actionpack-3.2.8/lib/action_dispatch/middleware/templates/rescues/_request_and_response.erb (0.6ms)
  Rendered /usr/local/lib/ruby/gems/1.9.1/gems/actionpack-3.2.8/lib/action_dispatch/middleware/templates/rescues/template_error.erb within rescues/layout (10.7ms)


Started GET "/" for 127.0.0.1 at 2012-10-12 01:42:51 -0700
Processing by CoursesController#index as HTML
  [1m[35mCourse Load (0.5ms)[0m  SELECT "courses".* FROM "courses" 
  Rendered courses/index.html.haml within layouts/application (21.3ms)
Completed 500 Internal Server Error in 28ms

ActionView::Template::Error (undefined method `find_videos' for #<#<Class:0xb6d7a198>:0xb666ecb4>):
    13:         %td= course.course_num 
    14:         %td= course.title
    15:         %td= course.professor
    16:         %td= link_to "See Webcasts For This Course", find_videos(course.id) #this path does not exist yet; make it!
  app/views/courses/index.html.haml:16:in `block in _app_views_courses_index_html_haml___331854473__613110738'
  app/views/courses/index.html.haml:11:in `each'
  app/views/courses/index.html.haml:11:in `_app_views_courses_index_html_haml___331854473__613110738'


  Rendered /usr/local/lib/ruby/gems/1.9.1/gems/actionpack-3.2.8/lib/action_dispatch/middleware/templates/rescues/_trace.erb (0.9ms)
  Rendered /usr/local/lib/ruby/gems/1.9.1/gems/actionpack-3.2.8/lib/action_dispatch/middleware/templates/rescues/_request_and_response.erb (0.6ms)
  Rendered /usr/local/lib/ruby/gems/1.9.1/gems/actionpack-3.2.8/lib/action_dispatch/middleware/templates/rescues/template_error.erb within rescues/layout (9.3ms)


Started GET "/" for 127.0.0.1 at 2012-10-12 01:44:15 -0700
Processing by CoursesController#index as HTML
  [1m[36mCourse Load (0.3ms)[0m  [1mSELECT "courses".* FROM "courses" [0m
  Rendered courses/index.html.haml within layouts/application (9.5ms)
Completed 200 OK in 20ms (Views: 13.1ms | ActiveRecord: 0.3ms)


Started GET "/assets/application.css?body=1" for 127.0.0.1 at 2012-10-12 01:44:15 -0700
Served asset /application.css - 304 Not Modified (0ms)


Started GET "/assets/jquery.js?body=1" for 127.0.0.1 at 2012-10-12 01:44:15 -0700
Served asset /jquery.js - 304 Not Modified (1ms)


Started GET "/assets/jquery_ujs.js?body=1" for 127.0.0.1 at 2012-10-12 01:44:15 -0700
Served asset /jquery_ujs.js - 304 Not Modified (12ms)


Started GET "/assets/application.js?body=1" for 127.0.0.1 at 2012-10-12 01:44:15 -0700
Served asset /application.js - 304 Not Modified (1ms)


Started GET "/courses" for 127.0.0.1 at 2012-10-12 01:44:19 -0700
Processing by CoursesController#index as HTML
  [1m[35mCourse Load (0.5ms)[0m  SELECT "courses".* FROM "courses" 
  Rendered courses/index.html.haml within layouts/application (1.3ms)
Completed 200 OK in 13ms (Views: 12.0ms | ActiveRecord: 0.5ms)


Started GET "/assets/application.css?body=1" for 127.0.0.1 at 2012-10-12 01:44:19 -0700
Served asset /application.css - 304 Not Modified (0ms)


Started GET "/assets/jquery.js?body=1" for 127.0.0.1 at 2012-10-12 01:44:19 -0700
Served asset /jquery.js - 304 Not Modified (8ms)


Started GET "/assets/jquery_ujs.js?body=1" for 127.0.0.1 at 2012-10-12 01:44:19 -0700
Served asset /jquery_ujs.js - 304 Not Modified (0ms)


Started GET "/assets/application.js?body=1" for 127.0.0.1 at 2012-10-12 01:44:19 -0700
Served asset /application.js - 304 Not Modified (0ms)


Started GET "/courses" for 127.0.0.1 at 2012-10-12 01:44:20 -0700
Processing by CoursesController#index as HTML
  [1m[36mCourse Load (0.3ms)[0m  [1mSELECT "courses".* FROM "courses" [0m
  Rendered courses/index.html.haml within layouts/application (1.5ms)
Completed 200 OK in 16ms (Views: 14.8ms | ActiveRecord: 0.3ms)


Started GET "/assets/application.css?body=1" for 127.0.0.1 at 2012-10-12 01:44:20 -0700
Served asset /application.css - 304 Not Modified (0ms)


Started GET "/assets/jquery_ujs.js?body=1" for 127.0.0.1 at 2012-10-12 01:44:20 -0700
Served asset /jquery_ujs.js - 304 Not Modified (0ms)


Started GET "/assets/jquery.js?body=1" for 127.0.0.1 at 2012-10-12 01:44:20 -0700
Served asset /jquery.js - 304 Not Modified (1ms)


Started GET "/assets/application.js?body=1" for 127.0.0.1 at 2012-10-12 01:44:20 -0700
Served asset /application.js - 304 Not Modified (9ms)


Started GET "/courses" for 127.0.0.1 at 2012-10-12 01:44:22 -0700
Processing by CoursesController#index as HTML
  [1m[35mCourse Load (0.3ms)[0m  SELECT "courses".* FROM "courses" 
  Rendered courses/index.html.haml within layouts/application (1.4ms)
Completed 200 OK in 16ms (Views: 14.5ms | ActiveRecord: 0.3ms)


Started GET "/assets/application.css?body=1" for 127.0.0.1 at 2012-10-12 01:44:22 -0700
Served asset /application.css - 304 Not Modified (0ms)


Started GET "/assets/jquery_ujs.js?body=1" for 127.0.0.1 at 2012-10-12 01:44:22 -0700
Served asset /jquery_ujs.js - 304 Not Modified (9ms)


Started GET "/assets/jquery.js?body=1" for 127.0.0.1 at 2012-10-12 01:44:22 -0700
Served asset /jquery.js - 304 Not Modified (1ms)


Started GET "/assets/application.js?body=1" for 127.0.0.1 at 2012-10-12 01:44:22 -0700
Served asset /application.js - 304 Not Modified (5ms)


Started GET "/courses" for 127.0.0.1 at 2012-10-12 01:44:23 -0700
Processing by CoursesController#index as HTML
  [1m[36mCourse Load (0.3ms)[0m  [1mSELECT "courses".* FROM "courses" [0m
  Rendered courses/index.html.haml within layouts/application (1.3ms)
Completed 200 OK in 9ms (Views: 8.1ms | ActiveRecord: 0.3ms)


Started GET "/assets/application.css?body=1" for 127.0.0.1 at 2012-10-12 01:44:23 -0700
Served asset /application.css - 304 Not Modified (0ms)


Started GET "/assets/jquery.js?body=1" for 127.0.0.1 at 2012-10-12 01:44:23 -0700
Served asset /jquery.js - 304 Not Modified (1ms)


Started GET "/assets/application.js?body=1" for 127.0.0.1 at 2012-10-12 01:44:23 -0700
Served asset /application.js - 304 Not Modified (1ms)


Started GET "/assets/jquery_ujs.js?body=1" for 127.0.0.1 at 2012-10-12 01:44:23 -0700
Served asset /jquery_ujs.js - 304 Not Modified (0ms)


Started GET "/courses" for 127.0.0.1 at 2012-10-12 01:44:24 -0700
Processing by CoursesController#index as HTML
  [1m[35mCourse Load (1.0ms)[0m  SELECT "courses".* FROM "courses" 
  Rendered courses/index.html.haml within layouts/application (1.4ms)
Completed 200 OK in 7ms (Views: 4.9ms | ActiveRecord: 1.0ms)


Started GET "/assets/application.css?body=1" for 127.0.0.1 at 2012-10-12 01:44:24 -0700
Served asset /application.css - 304 Not Modified (0ms)


Started GET "/assets/jquery_ujs.js?body=1" for 127.0.0.1 at 2012-10-12 01:44:24 -0700
Served asset /jquery_ujs.js - 304 Not Modified (0ms)


Started GET "/assets/jquery.js?body=1" for 127.0.0.1 at 2012-10-12 01:44:24 -0700
Served asset /jquery.js - 304 Not Modified (5ms)


Started GET "/assets/application.js?body=1" for 127.0.0.1 at 2012-10-12 01:44:24 -0700
Served asset /application.js - 304 Not Modified (1ms)


Started GET "/courses" for 127.0.0.1 at 2012-10-12 01:47:09 -0700
Processing by CoursesController#index as HTML
  [1m[36mCourse Load (0.4ms)[0m  [1mSELECT "courses".* FROM "courses" [0m
  Rendered courses/index.html.haml within layouts/application (8.1ms)
Completed 200 OK in 25ms (Views: 23.8ms | ActiveRecord: 0.4ms)


Started GET "/assets/application.css?body=1" for 127.0.0.1 at 2012-10-12 01:47:09 -0700
Served asset /application.css - 304 Not Modified (0ms)


Started GET "/assets/jquery.js?body=1" for 127.0.0.1 at 2012-10-12 01:47:09 -0700
Served asset /jquery.js - 304 Not Modified (2ms)


Started GET "/assets/jquery_ujs.js?body=1" for 127.0.0.1 at 2012-10-12 01:47:09 -0700
Served asset /jquery_ujs.js - 304 Not Modified (0ms)


Started GET "/assets/application.js?body=1" for 127.0.0.1 at 2012-10-12 01:47:09 -0700
Served asset /application.js - 304 Not Modified (4ms)


Started GET "/courses" for 127.0.0.1 at 2012-10-12 01:49:30 -0700
Processing by CoursesController#index as HTML
  [1m[35mCourse Load (0.3ms)[0m  SELECT "courses".* FROM "courses" 
  Rendered courses/index.html.haml within layouts/application (4.5ms)
Completed 200 OK in 17ms (Views: 15.7ms | ActiveRecord: 0.3ms)


Started GET "/assets/application.css?body=1" for 127.0.0.1 at 2012-10-12 01:49:30 -0700
Served asset /application.css - 304 Not Modified (0ms)


Started GET "/assets/application.js?body=1" for 127.0.0.1 at 2012-10-12 01:49:30 -0700
Served asset /application.js - 304 Not Modified (4ms)


Started GET "/assets/jquery_ujs.js?body=1" for 127.0.0.1 at 2012-10-12 01:49:30 -0700
Served asset /jquery_ujs.js - 304 Not Modified (0ms)


Started GET "/assets/jquery.js?body=1" for 127.0.0.1 at 2012-10-12 01:49:30 -0700
Served asset /jquery.js - 304 Not Modified (9ms)


Started GET "/courses" for 127.0.0.1 at 2012-10-12 01:49:31 -0700
Processing by CoursesController#index as HTML
  [1m[36mCourse Load (0.4ms)[0m  [1mSELECT "courses".* FROM "courses" [0m
  Rendered courses/index.html.haml within layouts/application (1.9ms)
Completed 200 OK in 25ms (Views: 15.4ms | ActiveRecord: 0.4ms)


Started GET "/assets/application.css?body=1" for 127.0.0.1 at 2012-10-12 01:49:32 -0700
Served asset /application.css - 304 Not Modified (0ms)


Started GET "/assets/jquery_ujs.js?body=1" for 127.0.0.1 at 2012-10-12 01:49:32 -0700
Served asset /jquery_ujs.js - 304 Not Modified (0ms)


Started GET "/assets/jquery.js?body=1" for 127.0.0.1 at 2012-10-12 01:49:32 -0700
Served asset /jquery.js - 304 Not Modified (2ms)


Started GET "/assets/application.js?body=1" for 127.0.0.1 at 2012-10-12 01:49:32 -0700
Served asset /application.js - 304 Not Modified (1ms)


Started GET "/courses" for 127.0.0.1 at 2012-10-12 01:49:33 -0700
Processing by CoursesController#index as HTML
  [1m[35mCourse Load (0.4ms)[0m  SELECT "courses".* FROM "courses" 
  Rendered courses/index.html.haml within layouts/application (6.4ms)
Completed 200 OK in 15ms (Views: 12.6ms | ActiveRecord: 0.4ms)


Started GET "/assets/application.css?body=1" for 127.0.0.1 at 2012-10-12 01:49:33 -0700
Served asset /application.css - 304 Not Modified (0ms)


Started GET "/assets/jquery.js?body=1" for 127.0.0.1 at 2012-10-12 01:49:33 -0700
Served asset /jquery.js - 304 Not Modified (10ms)


Started GET "/assets/jquery_ujs.js?body=1" for 127.0.0.1 at 2012-10-12 01:49:33 -0700
Served asset /jquery_ujs.js - 304 Not Modified (0ms)


Started GET "/assets/application.js?body=1" for 127.0.0.1 at 2012-10-12 01:49:33 -0700
Served asset /application.js - 304 Not Modified (9ms)


Started GET "/courses" for 127.0.0.1 at 2012-10-12 01:52:16 -0700
Processing by CoursesController#index as HTML
  [1m[36mCourse Load (16.5ms)[0m  [1mSELECT "courses".* FROM "courses" [0m
  Rendered courses/index.html.haml within layouts/application (1.7ms)
Compiled application.css  (4ms)  (pid 2976)
Completed 200 OK in 58ms (Views: 40.4ms | ActiveRecord: 16.5ms)


Started GET "/assets/application.css?body=1" for 127.0.0.1 at 2012-10-12 01:52:16 -0700
Served asset /application.css - 200 OK (20ms)


Started GET "/assets/jquery.js?body=1" for 127.0.0.1 at 2012-10-12 01:52:16 -0700
Served asset /jquery.js - 304 Not Modified (6ms)


Started GET "/assets/jquery_ujs.js?body=1" for 127.0.0.1 at 2012-10-12 01:52:16 -0700
Served asset /jquery_ujs.js - 304 Not Modified (0ms)


Started GET "/assets/application.js?body=1" for 127.0.0.1 at 2012-10-12 01:52:16 -0700
Served asset /application.js - 304 Not Modified (6ms)


Started GET "/courses" for 127.0.0.1 at 2012-10-12 01:54:48 -0700
Processing by CoursesController#index as HTML
  [1m[35mCourse Load (0.3ms)[0m  SELECT "courses".* FROM "courses" 
  Rendered courses/index.html.haml within layouts/application (3.4ms)
Compiled application.css  (0ms)  (pid 2976)
Completed 200 OK in 23ms (Views: 19.6ms | ActiveRecord: 0.3ms)


Started GET "/assets/application.css?body=1" for 127.0.0.1 at 2012-10-12 01:54:48 -0700
Served asset /application.css - 200 OK (23ms)


Started GET "/assets/jquery_ujs.js?body=1" for 127.0.0.1 at 2012-10-12 01:54:48 -0700
Served asset /jquery_ujs.js - 304 Not Modified (5ms)


Started GET "/assets/application.js?body=1" for 127.0.0.1 at 2012-10-12 01:54:48 -0700
Served asset /application.js - 304 Not Modified (12ms)


Started GET "/assets/jquery.js?body=1" for 127.0.0.1 at 2012-10-12 01:54:48 -0700
Served asset /jquery.js - 304 Not Modified (0ms)


Started GET "/courses" for 127.0.0.1 at 2012-10-12 01:54:50 -0700
Processing by CoursesController#index as HTML
  [1m[36mCourse Load (0.3ms)[0m  [1mSELECT "courses".* FROM "courses" [0m
  Rendered courses/index.html.haml within layouts/application (10.5ms)
Completed 200 OK in 22ms (Views: 14.1ms | ActiveRecord: 0.3ms)


Started GET "/assets/application.css?body=1" for 127.0.0.1 at 2012-10-12 01:54:50 -0700
Served asset /application.css - 304 Not Modified (0ms)


Started GET "/assets/application.js?body=1" for 127.0.0.1 at 2012-10-12 01:54:50 -0700
Served asset /application.js - 304 Not Modified (2ms)


Started GET "/assets/jquery_ujs.js?body=1" for 127.0.0.1 at 2012-10-12 01:54:50 -0700
Served asset /jquery_ujs.js - 304 Not Modified (0ms)


Started GET "/assets/jquery.js?body=1" for 127.0.0.1 at 2012-10-12 01:54:50 -0700
Served asset /jquery.js - 304 Not Modified (0ms)


Started GET "/courses" for 127.0.0.1 at 2012-10-12 01:55:06 -0700
Processing by CoursesController#index as HTML
  [1m[35mCourse Load (0.3ms)[0m  SELECT "courses".* FROM "courses" 
  Rendered courses/index.html.haml within layouts/application (7.4ms)
Compiled application.css  (0ms)  (pid 2976)
Completed 200 OK in 36ms (Views: 35.0ms | ActiveRecord: 0.3ms)


Started GET "/assets/application.css?body=1" for 127.0.0.1 at 2012-10-12 01:55:06 -0700
Served asset /application.css - 200 OK (1ms)


Started GET "/assets/jquery.js?body=1" for 127.0.0.1 at 2012-10-12 01:55:06 -0700
Served asset /jquery.js - 304 Not Modified (2ms)


Started GET "/assets/jquery_ujs.js?body=1" for 127.0.0.1 at 2012-10-12 01:55:06 -0700
Served asset /jquery_ujs.js - 304 Not Modified (0ms)


Started GET "/assets/application.js?body=1" for 127.0.0.1 at 2012-10-12 01:55:06 -0700
Served asset /application.js - 304 Not Modified (1ms)


Started GET "/courses" for 127.0.0.1 at 2012-10-12 01:55:25 -0700
Processing by CoursesController#index as HTML
  [1m[36mCourse Load (0.3ms)[0m  [1mSELECT "courses".* FROM "courses" [0m
  Rendered courses/index.html.haml within layouts/application (1.3ms)
Compiled application.css  (0ms)  (pid 2976)
Completed 200 OK in 39ms (Views: 38.2ms | ActiveRecord: 0.3ms)


Started GET "/assets/application.css?body=1" for 127.0.0.1 at 2012-10-12 01:55:25 -0700
Served asset /application.css - 200 OK (24ms)


Started GET "/assets/jquery_ujs.js?body=1" for 127.0.0.1 at 2012-10-12 01:55:25 -0700
Served asset /jquery_ujs.js - 304 Not Modified (0ms)


Started GET "/assets/jquery.js?body=1" for 127.0.0.1 at 2012-10-12 01:55:25 -0700
Served asset /jquery.js - 304 Not Modified (6ms)


Started GET "/assets/application.js?body=1" for 127.0.0.1 at 2012-10-12 01:55:25 -0700
Served asset /application.js - 304 Not Modified (1ms)


Started GET "/courses" for 127.0.0.1 at 2012-10-12 01:55:47 -0700
Processing by CoursesController#index as HTML
  [1m[35mCourse Load (0.5ms)[0m  SELECT "courses".* FROM "courses" 
  Rendered courses/index.html.haml within layouts/application (1.5ms)
Compiled application.css  (0ms)  (pid 2976)
Completed 200 OK in 22ms (Views: 20.7ms | ActiveRecord: 0.5ms)


Started GET "/assets/application.css?body=1" for 127.0.0.1 at 2012-10-12 01:55:48 -0700
Served asset /application.css - 200 OK (25ms)


Started GET "/assets/application.js?body=1" for 127.0.0.1 at 2012-10-12 01:55:48 -0700
Served asset /application.js - 304 Not Modified (9ms)


Started GET "/assets/jquery_ujs.js?body=1" for 127.0.0.1 at 2012-10-12 01:55:48 -0700
Served asset /jquery_ujs.js - 304 Not Modified (0ms)


Started GET "/assets/jquery.js?body=1" for 127.0.0.1 at 2012-10-12 01:55:48 -0700
Served asset /jquery.js - 304 Not Modified (0ms)


Started GET "/courses" for 127.0.0.1 at 2012-10-12 01:56:09 -0700
Processing by CoursesController#index as HTML
  [1m[36mCourse Load (0.3ms)[0m  [1mSELECT "courses".* FROM "courses" [0m
  Rendered courses/index.html.haml within layouts/application (1.5ms)
Compiled application.css  (0ms)  (pid 2976)
Completed 200 OK in 44ms (Views: 42.4ms | ActiveRecord: 0.3ms)


Started GET "/assets/application.css?body=1" for 127.0.0.1 at 2012-10-12 01:56:09 -0700
Served asset /application.css - 200 OK (34ms)


Started GET "/assets/jquery.js?body=1" for 127.0.0.1 at 2012-10-12 01:56:09 -0700
Served asset /jquery.js - 304 Not Modified (2ms)


Started GET "/assets/application.js?body=1" for 127.0.0.1 at 2012-10-12 01:56:09 -0700
Served asset /application.js - 304 Not Modified (1ms)


Started GET "/assets/jquery_ujs.js?body=1" for 127.0.0.1 at 2012-10-12 01:56:09 -0700
Served asset /jquery_ujs.js - 304 Not Modified (0ms)


Started GET "/courses" for 127.0.0.1 at 2012-10-12 01:57:03 -0700
Processing by CoursesController#index as HTML
  [1m[35mCourse Load (0.4ms)[0m  SELECT "courses".* FROM "courses" 
  Rendered courses/index.html.haml within layouts/application (2.0ms)
Compiled application.css  (0ms)  (pid 2976)
Completed 200 OK in 48ms (Views: 42.4ms | ActiveRecord: 0.4ms)


Started GET "/assets/application.css?body=1" for 127.0.0.1 at 2012-10-12 01:57:03 -0700
Served asset /application.css - 200 OK (5ms)


Started GET "/assets/jquery.js?body=1" for 127.0.0.1 at 2012-10-12 01:57:03 -0700
Served asset /jquery.js - 304 Not Modified (1ms)


Started GET "/assets/application.js?body=1" for 127.0.0.1 at 2012-10-12 01:57:03 -0700
Served asset /application.js - 304 Not Modified (2ms)


Started GET "/assets/jquery_ujs.js?body=1" for 127.0.0.1 at 2012-10-12 01:57:03 -0700
Served asset /jquery_ujs.js - 304 Not Modified (9ms)


Started GET "/courses" for 127.0.0.1 at 2012-10-12 01:58:08 -0700
Processing by CoursesController#index as HTML
  [1m[36mCourse Load (0.3ms)[0m  [1mSELECT "courses".* FROM "courses" [0m
  Rendered courses/index.html.haml within layouts/application (6.1ms)
Compiled application.css  (0ms)  (pid 2976)
Completed 200 OK in 95ms (Views: 94.2ms | ActiveRecord: 0.3ms)


Started GET "/assets/application.css?body=1" for 127.0.0.1 at 2012-10-12 01:58:08 -0700
Served asset /application.css - 200 OK (24ms)


Started GET "/assets/application.js?body=1" for 127.0.0.1 at 2012-10-12 01:58:08 -0700
Served asset /application.js - 304 Not Modified (1ms)


Started GET "/assets/jquery_ujs.js?body=1" for 127.0.0.1 at 2012-10-12 01:58:08 -0700
Served asset /jquery_ujs.js - 304 Not Modified (0ms)


Started GET "/assets/jquery.js?body=1" for 127.0.0.1 at 2012-10-12 01:58:08 -0700
Served asset /jquery.js - 304 Not Modified (11ms)


Started GET "/courses" for 127.0.0.1 at 2012-10-12 02:01:53 -0700
Processing by CoursesController#index as HTML
  [1m[35mCourse Load (0.3ms)[0m  SELECT "courses".* FROM "courses" 
  Rendered courses/index.html.haml within layouts/application (1.5ms)
Compiled application.css  (0ms)  (pid 2976)
Completed 200 OK in 18ms (Views: 16.3ms | ActiveRecord: 0.3ms)


Started GET "/assets/application.css?body=1" for 127.0.0.1 at 2012-10-12 02:01:53 -0700
Served asset /application.css - 200 OK (1ms)


Started GET "/assets/jquery_ujs.js?body=1" for 127.0.0.1 at 2012-10-12 02:01:53 -0700
Served asset /jquery_ujs.js - 304 Not Modified (9ms)


Started GET "/assets/jquery.js?body=1" for 127.0.0.1 at 2012-10-12 02:01:53 -0700
Served asset /jquery.js - 304 Not Modified (2ms)


Started GET "/assets/application.js?body=1" for 127.0.0.1 at 2012-10-12 02:01:53 -0700
Served asset /application.js - 304 Not Modified (1ms)


Started GET "/courses" for 127.0.0.1 at 2012-10-12 02:04:20 -0700
Processing by CoursesController#index as HTML
  [1m[36mCourse Load (0.3ms)[0m  [1mSELECT "courses".* FROM "courses" [0m
  Rendered courses/index.html.haml within layouts/application (8.6ms)
Compiled application.css  (0ms)  (pid 2976)
Completed 200 OK in 32ms (Views: 30.7ms | ActiveRecord: 0.3ms)


Started GET "/assets/application.css?body=1" for 127.0.0.1 at 2012-10-12 02:04:20 -0700
Served asset /application.css - 200 OK (3ms)


Started GET "/assets/jquery_ujs.js?body=1" for 127.0.0.1 at 2012-10-12 02:04:20 -0700
Served asset /jquery_ujs.js - 304 Not Modified (0ms)


Started GET "/assets/jquery.js?body=1" for 127.0.0.1 at 2012-10-12 02:04:20 -0700
Served asset /jquery.js - 304 Not Modified (1ms)


Started GET "/assets/application.js?body=1" for 127.0.0.1 at 2012-10-12 02:04:20 -0700
Served asset /application.js - 304 Not Modified (1ms)


Started GET "/" for 127.0.0.1 at 2012-10-12 02:08:25 -0700
Connecting to database specified by database.yml
Processing by CoursesController#index as HTML
  [1m[36mCourse Load (0.1ms)[0m  [1mSELECT "courses".* FROM "courses" [0m
  Rendered courses/index.html.haml within layouts/application (3.4ms)
Completed 200 OK in 199ms (Views: 95.2ms | ActiveRecord: 10.5ms)


Started GET "/assets/application.css?body=1" for 127.0.0.1 at 2012-10-12 02:08:26 -0700
Served asset /application.css - 200 OK (1ms)


Started GET "/assets/jquery_ujs.js?body=1" for 127.0.0.1 at 2012-10-12 02:08:26 -0700
Served asset /jquery_ujs.js - 200 OK (6ms)


Started GET "/assets/jquery.js?body=1" for 127.0.0.1 at 2012-10-12 02:08:26 -0700
Served asset /jquery.js - 200 OK (29ms)


Started GET "/assets/application.js?body=1" for 127.0.0.1 at 2012-10-12 02:08:26 -0700
Served asset /application.js - 200 OK (20ms)


Started GET "/" for 127.0.0.1 at 2012-10-12 02:09:09 -0700
Processing by CoursesController#index as HTML
  [1m[35mCourse Load (0.3ms)[0m  SELECT "courses".* FROM "courses" 
  Rendered courses/index.html.haml within layouts/application (1.6ms)
Compiled application.css  (0ms)  (pid 3432)
Completed 200 OK in 61ms (Views: 59.8ms | ActiveRecord: 0.3ms)


Started GET "/assets/application.css?body=1" for 127.0.0.1 at 2012-10-12 02:09:09 -0700
Served asset /application.css - 200 OK (30ms)


Started GET "/assets/jquery_ujs.js?body=1" for 127.0.0.1 at 2012-10-12 02:09:09 -0700
Served asset /jquery_ujs.js - 304 Not Modified (0ms)


Started GET "/assets/jquery.js?body=1" for 127.0.0.1 at 2012-10-12 02:09:09 -0700
Served asset /jquery.js - 304 Not Modified (0ms)


Started GET "/assets/application.js?body=1" for 127.0.0.1 at 2012-10-12 02:09:09 -0700
Served asset /application.js - 304 Not Modified (7ms)


Started GET "/" for 127.0.0.1 at 2012-10-12 02:16:34 -0700
Processing by CoursesController#index as HTML
  [1m[36mCourse Load (0.4ms)[0m  [1mSELECT "courses".* FROM "courses" [0m
  Rendered courses/index.html.haml within layouts/application (2.0ms)
Completed 200 OK in 14ms (Views: 12.2ms | ActiveRecord: 0.4ms)


Started GET "/assets/application.css?body=1" for 127.0.0.1 at 2012-10-12 02:16:34 -0700
Served asset /application.css - 304 Not Modified (0ms)


Started GET "/assets/jquery_ujs.js?body=1" for 127.0.0.1 at 2012-10-12 02:16:34 -0700
Served asset /jquery_ujs.js - 304 Not Modified (0ms)


Started GET "/assets/jquery.js?body=1" for 127.0.0.1 at 2012-10-12 02:16:34 -0700
Served asset /jquery.js - 304 Not Modified (0ms)


Started GET "/assets/application.js?body=1" for 127.0.0.1 at 2012-10-12 02:16:34 -0700
Served asset /application.js - 304 Not Modified (1ms)


Started GET "/" for 127.0.0.1 at 2012-10-12 02:16:35 -0700
Processing by CoursesController#index as HTML
  [1m[35mCourse Load (0.3ms)[0m  SELECT "courses".* FROM "courses" 
  Rendered courses/index.html.haml within layouts/application (2.2ms)
Completed 200 OK in 33ms (Views: 19.6ms | ActiveRecord: 0.3ms)


Started GET "/assets/application.css?body=1" for 127.0.0.1 at 2012-10-12 02:16:35 -0700
Served asset /application.css - 304 Not Modified (0ms)


Started GET "/assets/jquery.js?body=1" for 127.0.0.1 at 2012-10-12 02:16:35 -0700
Served asset /jquery.js - 304 Not Modified (0ms)


Started GET "/assets/jquery_ujs.js?body=1" for 127.0.0.1 at 2012-10-12 02:16:35 -0700
Served asset /jquery_ujs.js - 304 Not Modified (0ms)


Started GET "/assets/application.js?body=1" for 127.0.0.1 at 2012-10-12 02:16:35 -0700
Served asset /application.js - 304 Not Modified (1ms)


Started GET "/" for 127.0.0.1 at 2012-10-12 02:16:36 -0700
Processing by CoursesController#index as HTML
  [1m[36mCourse Load (0.3ms)[0m  [1mSELECT "courses".* FROM "courses" [0m
  Rendered courses/index.html.haml within layouts/application (1.6ms)
Completed 200 OK in 12ms (Views: 10.3ms | ActiveRecord: 0.3ms)


Started GET "/assets/application.css?body=1" for 127.0.0.1 at 2012-10-12 02:16:36 -0700
Served asset /application.css - 304 Not Modified (0ms)


Started GET "/assets/jquery.js?body=1" for 127.0.0.1 at 2012-10-12 02:16:36 -0700
Served asset /jquery.js - 304 Not Modified (1ms)


Started GET "/assets/jquery_ujs.js?body=1" for 127.0.0.1 at 2012-10-12 02:16:36 -0700
Served asset /jquery_ujs.js - 304 Not Modified (0ms)


Started GET "/assets/application.js?body=1" for 127.0.0.1 at 2012-10-12 02:16:36 -0700
Served asset /application.js - 304 Not Modified (4ms)


Started GET "/" for 127.0.0.1 at 2012-10-12 02:16:37 -0700
Processing by CoursesController#index as HTML
  [1m[35mCourse Load (0.3ms)[0m  SELECT "courses".* FROM "courses" 
  Rendered courses/index.html.haml within layouts/application (1.6ms)
Completed 200 OK in 30ms (Views: 28.6ms | ActiveRecord: 0.3ms)


Started GET "/assets/application.css?body=1" for 127.0.0.1 at 2012-10-12 02:16:37 -0700
Served asset /application.css - 304 Not Modified (0ms)


Started GET "/assets/jquery.js?body=1" for 127.0.0.1 at 2012-10-12 02:16:37 -0700
Served asset /jquery.js - 304 Not Modified (0ms)


Started GET "/assets/jquery_ujs.js?body=1" for 127.0.0.1 at 2012-10-12 02:16:37 -0700
Served asset /jquery_ujs.js - 304 Not Modified (0ms)


Started GET "/assets/application.js?body=1" for 127.0.0.1 at 2012-10-12 02:16:37 -0700
Served asset /application.js - 304 Not Modified (1ms)


Started GET "/courses" for 127.0.0.1 at 2012-10-12 02:16:44 -0700
Processing by CoursesController#index as HTML
  [1m[36mCourse Load (0.3ms)[0m  [1mSELECT "courses".* FROM "courses" [0m
  Rendered courses/index.html.haml within layouts/application (1.6ms)
Completed 200 OK in 20ms (Views: 18.8ms | ActiveRecord: 0.3ms)


Started GET "/assets/application.css?body=1" for 127.0.0.1 at 2012-10-12 02:16:44 -0700
Served asset /application.css - 304 Not Modified (0ms)


Started GET "/assets/jquery.js?body=1" for 127.0.0.1 at 2012-10-12 02:16:44 -0700
Served asset /jquery.js - 304 Not Modified (3ms)


Started GET "/assets/application.js?body=1" for 127.0.0.1 at 2012-10-12 02:16:44 -0700
Served asset /application.js - 304 Not Modified (1ms)


Started GET "/assets/jquery_ujs.js?body=1" for 127.0.0.1 at 2012-10-12 02:16:44 -0700
Served asset /jquery_ujs.js - 304 Not Modified (0ms)


Started GET "/courses" for 127.0.0.1 at 2012-10-12 02:16:46 -0700
Processing by CoursesController#index as HTML
  [1m[35mCourse Load (0.3ms)[0m  SELECT "courses".* FROM "courses" 
  Rendered courses/index.html.haml within layouts/application (1.4ms)
Completed 200 OK in 17ms (Views: 15.4ms | ActiveRecord: 0.3ms)


Started GET "/assets/application.css?body=1" for 127.0.0.1 at 2012-10-12 02:16:46 -0700
Served asset /application.css - 304 Not Modified (0ms)


Started GET "/assets/jquery_ujs.js?body=1" for 127.0.0.1 at 2012-10-12 02:16:46 -0700
Served asset /jquery_ujs.js - 304 Not Modified (0ms)


Started GET "/assets/application.js?body=1" for 127.0.0.1 at 2012-10-12 02:16:46 -0700
Served asset /application.js - 304 Not Modified (1ms)


Started GET "/assets/jquery.js?body=1" for 127.0.0.1 at 2012-10-12 02:16:46 -0700
Served asset /jquery.js - 304 Not Modified (2ms)


Started GET "/courses" for 127.0.0.1 at 2012-10-12 02:16:48 -0700
Processing by CoursesController#index as HTML
  [1m[36mCourse Load (0.3ms)[0m  [1mSELECT "courses".* FROM "courses" [0m
  Rendered courses/index.html.haml within layouts/application (1.4ms)
Completed 200 OK in 16ms (Views: 15.1ms | ActiveRecord: 0.3ms)


Started GET "/assets/application.css?body=1" for 127.0.0.1 at 2012-10-12 02:16:48 -0700
Served asset /application.css - 304 Not Modified (0ms)


Started GET "/assets/jquery.js?body=1" for 127.0.0.1 at 2012-10-12 02:16:48 -0700
Served asset /jquery.js - 304 Not Modified (0ms)


Started GET "/assets/jquery_ujs.js?body=1" for 127.0.0.1 at 2012-10-12 02:16:48 -0700
Served asset /jquery_ujs.js - 304 Not Modified (0ms)


Started GET "/assets/application.js?body=1" for 127.0.0.1 at 2012-10-12 02:16:48 -0700
Served asset /application.js - 304 Not Modified (8ms)


Started GET "/courses" for 127.0.0.1 at 2012-10-12 02:16:49 -0700
Processing by CoursesController#index as HTML
  [1m[35mCourse Load (0.2ms)[0m  SELECT "courses".* FROM "courses" 
  Rendered courses/index.html.haml within layouts/application (4.5ms)
Completed 200 OK in 20ms (Views: 17.9ms | ActiveRecord: 0.2ms)


Started GET "/assets/application.css?body=1" for 127.0.0.1 at 2012-10-12 02:16:49 -0700
Served asset /application.css - 304 Not Modified (0ms)


Started GET "/assets/jquery.js?body=1" for 127.0.0.1 at 2012-10-12 02:16:49 -0700
Served asset /jquery.js - 304 Not Modified (0ms)


Started GET "/assets/jquery_ujs.js?body=1" for 127.0.0.1 at 2012-10-12 02:16:49 -0700
Served asset /jquery_ujs.js - 304 Not Modified (0ms)


Started GET "/assets/application.js?body=1" for 127.0.0.1 at 2012-10-12 02:16:49 -0700
Served asset /application.js - 304 Not Modified (1ms)


Started GET "/courses" for 127.0.0.1 at 2012-10-12 02:16:50 -0700
Processing by CoursesController#index as HTML
  [1m[36mCourse Load (0.3ms)[0m  [1mSELECT "courses".* FROM "courses" [0m
  Rendered courses/index.html.haml within layouts/application (1.4ms)
Completed 200 OK in 17ms (Views: 16.3ms | ActiveRecord: 0.3ms)


Started GET "/assets/application.css?body=1" for 127.0.0.1 at 2012-10-12 02:16:50 -0700
Served asset /application.css - 304 Not Modified (0ms)


Started GET "/assets/jquery.js?body=1" for 127.0.0.1 at 2012-10-12 02:16:50 -0700
Served asset /jquery.js - 304 Not Modified (0ms)


Started GET "/assets/jquery_ujs.js?body=1" for 127.0.0.1 at 2012-10-12 02:16:50 -0700
Served asset /jquery_ujs.js - 304 Not Modified (0ms)


Started GET "/assets/application.js?body=1" for 127.0.0.1 at 2012-10-12 02:16:50 -0700
Served asset /application.js - 304 Not Modified (0ms)


Started GET "/courses" for 127.0.0.1 at 2012-10-12 02:16:51 -0700
Processing by CoursesController#index as HTML
  [1m[35mCourse Load (0.2ms)[0m  SELECT "courses".* FROM "courses" 
  Rendered courses/index.html.haml within layouts/application (1.4ms)
Completed 200 OK in 10ms (Views: 8.7ms | ActiveRecord: 0.2ms)


Started GET "/assets/jquery_ujs.js?body=1" for 127.0.0.1 at 2012-10-12 02:16:51 -0700
Served asset /jquery_ujs.js - 304 Not Modified (0ms)


Started GET "/assets/jquery.js?body=1" for 127.0.0.1 at 2012-10-12 02:16:51 -0700
Served asset /jquery.js - 304 Not Modified (0ms)


Started GET "/assets/application.css?body=1" for 127.0.0.1 at 2012-10-12 02:16:51 -0700
Served asset /application.css - 304 Not Modified (0ms)


Started GET "/assets/application.js?body=1" for 127.0.0.1 at 2012-10-12 02:16:51 -0700
Served asset /application.js - 304 Not Modified (4ms)


Started GET "/courses" for 127.0.0.1 at 2012-10-12 02:16:52 -0700
Processing by CoursesController#index as HTML
  [1m[36mCourse Load (0.3ms)[0m  [1mSELECT "courses".* FROM "courses" [0m
  Rendered courses/index.html.haml within layouts/application (1.7ms)
Completed 200 OK in 8ms (Views: 7.2ms | ActiveRecord: 0.3ms)


Started GET "/assets/application.css?body=1" for 127.0.0.1 at 2012-10-12 02:16:52 -0700
Served asset /application.css - 304 Not Modified (0ms)


Started GET "/assets/jquery.js?body=1" for 127.0.0.1 at 2012-10-12 02:16:52 -0700
Served asset /jquery.js - 304 Not Modified (0ms)


Started GET "/assets/jquery_ujs.js?body=1" for 127.0.0.1 at 2012-10-12 02:16:52 -0700
Served asset /jquery_ujs.js - 304 Not Modified (0ms)


Started GET "/assets/application.js?body=1" for 127.0.0.1 at 2012-10-12 02:16:52 -0700
Served asset /application.js - 304 Not Modified (1ms)


Started GET "/courses" for 127.0.0.1 at 2012-10-12 02:16:53 -0700
Processing by CoursesController#index as HTML
  [1m[35mCourse Load (0.3ms)[0m  SELECT "courses".* FROM "courses" 
  Rendered courses/index.html.haml within layouts/application (1.5ms)
Completed 200 OK in 10ms (Views: 8.6ms | ActiveRecord: 0.3ms)


Started GET "/assets/application.css?body=1" for 127.0.0.1 at 2012-10-12 02:16:53 -0700
Served asset /application.css - 304 Not Modified (14ms)


Started GET "/assets/jquery_ujs.js?body=1" for 127.0.0.1 at 2012-10-12 02:16:53 -0700
Served asset /jquery_ujs.js - 304 Not Modified (6ms)


Started GET "/assets/jquery.js?body=1" for 127.0.0.1 at 2012-10-12 02:16:53 -0700
Served asset /jquery.js - 304 Not Modified (0ms)


Started GET "/assets/application.js?body=1" for 127.0.0.1 at 2012-10-12 02:16:53 -0700
Served asset /application.js - 304 Not Modified (0ms)


Started GET "/courses" for 127.0.0.1 at 2012-10-12 02:16:54 -0700
Processing by CoursesController#index as HTML
  [1m[36mCourse Load (0.3ms)[0m  [1mSELECT "courses".* FROM "courses" [0m
  Rendered courses/index.html.haml within layouts/application (1.6ms)
Completed 200 OK in 10ms (Views: 8.6ms | ActiveRecord: 0.3ms)


Started GET "/assets/application.css?body=1" for 127.0.0.1 at 2012-10-12 02:16:54 -0700
Served asset /application.css - 304 Not Modified (0ms)


Started GET "/assets/jquery.js?body=1" for 127.0.0.1 at 2012-10-12 02:16:54 -0700
Served asset /jquery.js - 304 Not Modified (0ms)


Started GET "/assets/jquery_ujs.js?body=1" for 127.0.0.1 at 2012-10-12 02:16:54 -0700
Served asset /jquery_ujs.js - 304 Not Modified (0ms)


Started GET "/assets/application.js?body=1" for 127.0.0.1 at 2012-10-12 02:16:54 -0700
Served asset /application.js - 304 Not Modified (1ms)


Started GET "/courses" for 127.0.0.1 at 2012-10-12 02:16:55 -0700
Processing by CoursesController#index as HTML
  [1m[35mCourse Load (0.3ms)[0m  SELECT "courses".* FROM "courses" 
  Rendered courses/index.html.haml within layouts/application (1.5ms)
Completed 200 OK in 8ms (Views: 7.3ms | ActiveRecord: 0.3ms)


Started GET "/assets/application.css?body=1" for 127.0.0.1 at 2012-10-12 02:16:55 -0700
Served asset /application.css - 304 Not Modified (0ms)


Started GET "/assets/jquery.js?body=1" for 127.0.0.1 at 2012-10-12 02:16:55 -0700
Served asset /jquery.js - 304 Not Modified (1ms)


Started GET "/assets/jquery_ujs.js?body=1" for 127.0.0.1 at 2012-10-12 02:16:55 -0700
Served asset /jquery_ujs.js - 304 Not Modified (0ms)


Started GET "/assets/application.js?body=1" for 127.0.0.1 at 2012-10-12 02:16:55 -0700
Served asset /application.js - 304 Not Modified (0ms)


Started GET "/courses" for 127.0.0.1 at 2012-10-12 02:16:56 -0700
Processing by CoursesController#index as HTML
  [1m[36mCourse Load (0.3ms)[0m  [1mSELECT "courses".* FROM "courses" [0m
  Rendered courses/index.html.haml within layouts/application (1.6ms)
Completed 200 OK in 9ms (Views: 7.9ms | ActiveRecord: 0.3ms)


Started GET "/assets/application.css?body=1" for 127.0.0.1 at 2012-10-12 02:16:56 -0700
Served asset /application.css - 304 Not Modified (12ms)


Started GET "/assets/jquery_ujs.js?body=1" for 127.0.0.1 at 2012-10-12 02:16:56 -0700
Served asset /jquery_ujs.js - 304 Not Modified (0ms)


Started GET "/assets/jquery.js?body=1" for 127.0.0.1 at 2012-10-12 02:16:56 -0700
Served asset /jquery.js - 304 Not Modified (0ms)


Started GET "/assets/application.js?body=1" for 127.0.0.1 at 2012-10-12 02:16:56 -0700
Served asset /application.js - 304 Not Modified (0ms)


Started GET "/courses" for 127.0.0.1 at 2012-10-12 02:16:57 -0700
Processing by CoursesController#index as HTML
  [1m[35mCourse Load (0.6ms)[0m  SELECT "courses".* FROM "courses" 
  Rendered courses/index.html.haml within layouts/application (1.3ms)
Completed 200 OK in 48ms (Views: 46.2ms | ActiveRecord: 0.6ms)


Started GET "/assets/application.css?body=1" for 127.0.0.1 at 2012-10-12 02:16:57 -0700
Served asset /application.css - 304 Not Modified (0ms)


Started GET "/assets/jquery.js?body=1" for 127.0.0.1 at 2012-10-12 02:16:57 -0700
Served asset /jquery.js - 304 Not Modified (0ms)


Started GET "/assets/jquery_ujs.js?body=1" for 127.0.0.1 at 2012-10-12 02:16:57 -0700
Served asset /jquery_ujs.js - 304 Not Modified (0ms)


Started GET "/assets/application.js?body=1" for 127.0.0.1 at 2012-10-12 02:16:57 -0700
Served asset /application.js - 304 Not Modified (1ms)


Started GET "/courses" for 127.0.0.1 at 2012-10-12 02:16:59 -0700
Processing by CoursesController#index as HTML
  [1m[36mCourse Load (0.3ms)[0m  [1mSELECT "courses".* FROM "courses" [0m
  Rendered courses/index.html.haml within layouts/application (1.0ms)
Completed 200 OK in 19ms (Views: 17.8ms | ActiveRecord: 0.3ms)


Started GET "/assets/application.css?body=1" for 127.0.0.1 at 2012-10-12 02:16:59 -0700
Served asset /application.css - 304 Not Modified (0ms)


Started GET "/assets/jquery_ujs.js?body=1" for 127.0.0.1 at 2012-10-12 02:16:59 -0700
Served asset /jquery_ujs.js - 304 Not Modified (2ms)


Started GET "/assets/jquery.js?body=1" for 127.0.0.1 at 2012-10-12 02:16:59 -0700
Served asset /jquery.js - 304 Not Modified (0ms)


Started GET "/assets/application.js?body=1" for 127.0.0.1 at 2012-10-12 02:16:59 -0700
Served asset /application.js - 304 Not Modified (8ms)


Started GET "/courses" for 127.0.0.1 at 2012-10-12 02:17:00 -0700
Processing by CoursesController#index as HTML
  [1m[35mCourse Load (0.3ms)[0m  SELECT "courses".* FROM "courses" 
  Rendered courses/index.html.haml within layouts/application (1.4ms)
Completed 200 OK in 20ms (Views: 18.7ms | ActiveRecord: 0.3ms)


Started GET "/assets/application.css?body=1" for 127.0.0.1 at 2012-10-12 02:17:00 -0700
Served asset /application.css - 304 Not Modified (0ms)


Started GET "/assets/jquery_ujs.js?body=1" for 127.0.0.1 at 2012-10-12 02:17:00 -0700
Served asset /jquery_ujs.js - 304 Not Modified (0ms)


Started GET "/assets/jquery.js?body=1" for 127.0.0.1 at 2012-10-12 02:17:00 -0700
Served asset /jquery.js - 304 Not Modified (2ms)


Started GET "/assets/application.js?body=1" for 127.0.0.1 at 2012-10-12 02:17:00 -0700
Served asset /application.js - 304 Not Modified (1ms)


Started GET "/courses" for 127.0.0.1 at 2012-10-12 02:17:38 -0700
Processing by CoursesController#index as HTML
  [1m[36mCourse Load (0.3ms)[0m  [1mSELECT "courses".* FROM "courses" [0m
  Rendered courses/index.html.haml within layouts/application (1.5ms)
Completed 200 OK in 11ms (Views: 9.4ms | ActiveRecord: 0.3ms)


Started GET "/assets/application.css?body=1" for 127.0.0.1 at 2012-10-12 02:17:38 -0700
Served asset /application.css - 304 Not Modified (0ms)


Started GET "/assets/jquery_ujs.js?body=1" for 127.0.0.1 at 2012-10-12 02:17:38 -0700
Served asset /jquery_ujs.js - 304 Not Modified (0ms)


Started GET "/assets/jquery.js?body=1" for 127.0.0.1 at 2012-10-12 02:17:38 -0700
Served asset /jquery.js - 304 Not Modified (9ms)


Started GET "/assets/application.js?body=1" for 127.0.0.1 at 2012-10-12 02:17:38 -0700
Served asset /application.js - 304 Not Modified (5ms)


Started GET "/courses" for 127.0.0.1 at 2012-10-12 02:21:45 -0700
Processing by CoursesController#index as HTML
  [1m[35mCourse Load (0.3ms)[0m  SELECT "courses".* FROM "courses" 
  Rendered courses/index.html.haml within layouts/application (1.8ms)
Compiled application.css  (0ms)  (pid 3432)
Completed 200 OK in 27ms (Views: 25.8ms | ActiveRecord: 0.3ms)


Started GET "/assets/application.css?body=1" for 127.0.0.1 at 2012-10-12 02:21:45 -0700
Served asset /application.css - 200 OK (8ms)


Started GET "/assets/jquery_ujs.js?body=1" for 127.0.0.1 at 2012-10-12 02:21:45 -0700
Served asset /jquery_ujs.js - 304 Not Modified (0ms)


Started GET "/assets/jquery.js?body=1" for 127.0.0.1 at 2012-10-12 02:21:45 -0700
Served asset /jquery.js - 304 Not Modified (0ms)


Started GET "/assets/application.js?body=1" for 127.0.0.1 at 2012-10-12 02:21:45 -0700
Served asset /application.js - 304 Not Modified (9ms)


Started GET "/courses" for 127.0.0.1 at 2012-10-12 02:22:08 -0700
Processing by CoursesController#index as HTML
  [1m[36mCourse Load (0.3ms)[0m  [1mSELECT "courses".* FROM "courses" [0m
  Rendered courses/index.html.haml within layouts/application (1.7ms)
Completed 200 OK in 17ms (Views: 16.1ms | ActiveRecord: 0.3ms)


Started GET "/assets/application.css?body=1" for 127.0.0.1 at 2012-10-12 02:22:08 -0700
Served asset /application.css - 304 Not Modified (0ms)


Started GET "/assets/jquery.js?body=1" for 127.0.0.1 at 2012-10-12 02:22:08 -0700
Served asset /jquery.js - 304 Not Modified (0ms)


Started GET "/assets/jquery_ujs.js?body=1" for 127.0.0.1 at 2012-10-12 02:22:08 -0700
Served asset /jquery_ujs.js - 304 Not Modified (0ms)


Started GET "/assets/application.js?body=1" for 127.0.0.1 at 2012-10-12 02:22:08 -0700
Served asset /application.js - 304 Not Modified (11ms)


Started GET "/courses" for 127.0.0.1 at 2012-10-12 02:22:09 -0700
Processing by CoursesController#index as HTML
  [1m[35mCourse Load (0.3ms)[0m  SELECT "courses".* FROM "courses" 
  Rendered courses/index.html.haml within layouts/application (1.5ms)
Completed 200 OK in 8ms (Views: 6.7ms | ActiveRecord: 0.3ms)


Started GET "/assets/application.css?body=1" for 127.0.0.1 at 2012-10-12 02:22:09 -0700
Served asset /application.css - 304 Not Modified (0ms)


Started GET "/assets/jquery.js?body=1" for 127.0.0.1 at 2012-10-12 02:22:09 -0700
Served asset /jquery.js - 304 Not Modified (0ms)


Started GET "/assets/jquery_ujs.js?body=1" for 127.0.0.1 at 2012-10-12 02:22:09 -0700
Served asset /jquery_ujs.js - 304 Not Modified (2ms)


Started GET "/assets/application.js?body=1" for 127.0.0.1 at 2012-10-12 02:22:09 -0700
Served asset /application.js - 304 Not Modified (9ms)


Started GET "/courses" for 127.0.0.1 at 2012-10-12 02:22:10 -0700
Processing by CoursesController#index as HTML
  [1m[36mCourse Load (0.3ms)[0m  [1mSELECT "courses".* FROM "courses" [0m
  Rendered courses/index.html.haml within layouts/application (1.6ms)
Completed 200 OK in 9ms (Views: 7.5ms | ActiveRecord: 0.3ms)


Started GET "/assets/application.css?body=1" for 127.0.0.1 at 2012-10-12 02:22:10 -0700
Served asset /application.css - 304 Not Modified (0ms)


Started GET "/assets/jquery.js?body=1" for 127.0.0.1 at 2012-10-12 02:22:10 -0700
Served asset /jquery.js - 304 Not Modified (14ms)


Started GET "/assets/jquery_ujs.js?body=1" for 127.0.0.1 at 2012-10-12 02:22:10 -0700
Served asset /jquery_ujs.js - 304 Not Modified (0ms)


Started GET "/assets/application.js?body=1" for 127.0.0.1 at 2012-10-12 02:22:10 -0700
Served asset /application.js - 304 Not Modified (1ms)


Started GET "/courses" for 127.0.0.1 at 2012-10-12 02:22:31 -0700
Processing by CoursesController#index as HTML
  [1m[35mCourse Load (0.3ms)[0m  SELECT "courses".* FROM "courses" 
  Rendered courses/index.html.haml within layouts/application (4.7ms)
Completed 200 OK in 21ms (Views: 20.0ms | ActiveRecord: 0.3ms)


Started GET "/assets/application.css?body=1" for 127.0.0.1 at 2012-10-12 02:22:31 -0700
Served asset /application.css - 304 Not Modified (0ms)


Started GET "/assets/jquery_ujs.js?body=1" for 127.0.0.1 at 2012-10-12 02:22:31 -0700
Served asset /jquery_ujs.js - 304 Not Modified (0ms)


Started GET "/assets/jquery.js?body=1" for 127.0.0.1 at 2012-10-12 02:22:31 -0700
Served asset /jquery.js - 304 Not Modified (0ms)


Started GET "/assets/application.js?body=1" for 127.0.0.1 at 2012-10-12 02:22:31 -0700
Served asset /application.js - 304 Not Modified (1ms)


Started GET "/courses" for 127.0.0.1 at 2012-10-12 02:23:01 -0700
Processing by CoursesController#index as HTML
  [1m[36mCourse Load (0.3ms)[0m  [1mSELECT "courses".* FROM "courses" [0m
  Rendered courses/index.html.haml within layouts/application (36.0ms)
Completed 200 OK in 44ms (Views: 42.3ms | ActiveRecord: 0.3ms)


Started GET "/assets/application.css?body=1" for 127.0.0.1 at 2012-10-12 02:23:01 -0700
Served asset /application.css - 304 Not Modified (0ms)


Started GET "/assets/jquery.js?body=1" for 127.0.0.1 at 2012-10-12 02:23:01 -0700
Served asset /jquery.js - 304 Not Modified (0ms)


Started GET "/assets/application.js?body=1" for 127.0.0.1 at 2012-10-12 02:23:01 -0700
Served asset /application.js - 304 Not Modified (1ms)


Started GET "/assets/jquery_ujs.js?body=1" for 127.0.0.1 at 2012-10-12 02:23:01 -0700
Served asset /jquery_ujs.js - 304 Not Modified (0ms)


Started GET "/courses" for 127.0.0.1 at 2012-10-12 02:23:02 -0700
Processing by CoursesController#index as HTML
  [1m[35mCourse Load (0.3ms)[0m  SELECT "courses".* FROM "courses" 
  Rendered courses/index.html.haml within layouts/application (1.4ms)
Completed 200 OK in 9ms (Views: 7.9ms | ActiveRecord: 0.3ms)


Started GET "/assets/application.css?body=1" for 127.0.0.1 at 2012-10-12 02:23:02 -0700
Served asset /application.css - 304 Not Modified (11ms)


Started GET "/assets/application.js?body=1" for 127.0.0.1 at 2012-10-12 02:23:02 -0700
Served asset /application.js - 304 Not Modified (1ms)


Started GET "/assets/jquery_ujs.js?body=1" for 127.0.0.1 at 2012-10-12 02:23:02 -0700
Served asset /jquery_ujs.js - 304 Not Modified (0ms)


Started GET "/assets/jquery.js?body=1" for 127.0.0.1 at 2012-10-12 02:23:02 -0700
Served asset /jquery.js - 304 Not Modified (1ms)


Started GET "/courses" for 127.0.0.1 at 2012-10-12 02:23:03 -0700
Processing by CoursesController#index as HTML
  [1m[36mCourse Load (0.3ms)[0m  [1mSELECT "courses".* FROM "courses" [0m
  Rendered courses/index.html.haml within layouts/application (1.5ms)
Completed 200 OK in 10ms (Views: 8.5ms | ActiveRecord: 0.3ms)


Started GET "/assets/application.css?body=1" for 127.0.0.1 at 2012-10-12 02:23:03 -0700
Served asset /application.css - 304 Not Modified (0ms)


Started GET "/assets/jquery_ujs.js?body=1" for 127.0.0.1 at 2012-10-12 02:23:03 -0700
Served asset /jquery_ujs.js - 304 Not Modified (0ms)


Started GET "/assets/application.js?body=1" for 127.0.0.1 at 2012-10-12 02:23:03 -0700
Served asset /application.js - 304 Not Modified (4ms)


Started GET "/assets/jquery.js?body=1" for 127.0.0.1 at 2012-10-12 02:23:03 -0700
Served asset /jquery.js - 304 Not Modified (0ms)


Started GET "/courses" for 127.0.0.1 at 2012-10-12 02:23:03 -0700
Processing by CoursesController#index as HTML
  [1m[35mCourse Load (1.0ms)[0m  SELECT "courses".* FROM "courses" 
  Rendered courses/index.html.haml within layouts/application (1.2ms)
Completed 200 OK in 17ms (Views: 6.9ms | ActiveRecord: 1.0ms)


Started GET "/assets/application.css?body=1" for 127.0.0.1 at 2012-10-12 02:23:03 -0700
Served asset /application.css - 304 Not Modified (0ms)


Started GET "/assets/jquery.js?body=1" for 127.0.0.1 at 2012-10-12 02:23:03 -0700
Served asset /jquery.js - 304 Not Modified (0ms)


Started GET "/assets/jquery_ujs.js?body=1" for 127.0.0.1 at 2012-10-12 02:23:03 -0700
Served asset /jquery_ujs.js - 304 Not Modified (0ms)


Started GET "/assets/application.js?body=1" for 127.0.0.1 at 2012-10-12 02:23:03 -0700
Served asset /application.js - 304 Not Modified (1ms)


Started GET "/courses" for 127.0.0.1 at 2012-10-12 02:23:04 -0700
Processing by CoursesController#index as HTML
  [1m[36mCourse Load (7.8ms)[0m  [1mSELECT "courses".* FROM "courses" [0m
  Rendered courses/index.html.haml within layouts/application (1.4ms)
Completed 200 OK in 20ms (Views: 11.3ms | ActiveRecord: 7.8ms)


Started GET "/assets/application.css?body=1" for 127.0.0.1 at 2012-10-12 02:23:04 -0700
Served asset /application.css - 304 Not Modified (0ms)


Started GET "/assets/jquery_ujs.js?body=1" for 127.0.0.1 at 2012-10-12 02:23:04 -0700
Served asset /jquery_ujs.js - 304 Not Modified (0ms)


Started GET "/assets/jquery.js?body=1" for 127.0.0.1 at 2012-10-12 02:23:04 -0700
Served asset /jquery.js - 304 Not Modified (3ms)


Started GET "/assets/application.js?body=1" for 127.0.0.1 at 2012-10-12 02:23:04 -0700
Served asset /application.js - 304 Not Modified (1ms)


Started GET "/courses" for 127.0.0.1 at 2012-10-12 02:23:05 -0700
Processing by CoursesController#index as HTML
  [1m[35mCourse Load (1.8ms)[0m  SELECT "courses".* FROM "courses" 
  Rendered courses/index.html.haml within layouts/application (1.5ms)
Completed 200 OK in 21ms (Views: 10.6ms | ActiveRecord: 1.8ms)


Started GET "/assets/application.css?body=1" for 127.0.0.1 at 2012-10-12 02:23:05 -0700
Served asset /application.css - 304 Not Modified (0ms)


Started GET "/assets/jquery.js?body=1" for 127.0.0.1 at 2012-10-12 02:23:05 -0700
Served asset /jquery.js - 304 Not Modified (0ms)


Started GET "/assets/application.js?body=1" for 127.0.0.1 at 2012-10-12 02:23:05 -0700
Served asset /application.js - 304 Not Modified (0ms)


Started GET "/assets/jquery_ujs.js?body=1" for 127.0.0.1 at 2012-10-12 02:23:05 -0700
Served asset /jquery_ujs.js - 304 Not Modified (0ms)


Started GET "/courses" for 127.0.0.1 at 2012-10-12 02:23:06 -0700
Processing by CoursesController#index as HTML
  [1m[36mCourse Load (0.3ms)[0m  [1mSELECT "courses".* FROM "courses" [0m
  Rendered courses/index.html.haml within layouts/application (1.5ms)
Completed 200 OK in 10ms (Views: 8.2ms | ActiveRecord: 0.3ms)


Started GET "/assets/application.css?body=1" for 127.0.0.1 at 2012-10-12 02:23:06 -0700
Served asset /application.css - 304 Not Modified (0ms)


Started GET "/assets/jquery.js?body=1" for 127.0.0.1 at 2012-10-12 02:23:06 -0700
Served asset /jquery.js - 304 Not Modified (0ms)


Started GET "/assets/application.js?body=1" for 127.0.0.1 at 2012-10-12 02:23:06 -0700
Served asset /application.js - 304 Not Modified (1ms)


Started GET "/assets/jquery_ujs.js?body=1" for 127.0.0.1 at 2012-10-12 02:23:06 -0700
Served asset /jquery_ujs.js - 304 Not Modified (0ms)


Started GET "/courses" for 127.0.0.1 at 2012-10-12 02:23:06 -0700
Processing by CoursesController#index as HTML
  [1m[35mCourse Load (0.3ms)[0m  SELECT "courses".* FROM "courses" 
  Rendered courses/index.html.haml within layouts/application (5.6ms)
Completed 200 OK in 13ms (Views: 11.6ms | ActiveRecord: 0.3ms)


Started GET "/assets/application.css?body=1" for 127.0.0.1 at 2012-10-12 02:23:07 -0700
Served asset /application.css - 304 Not Modified (0ms)


Started GET "/assets/jquery.js?body=1" for 127.0.0.1 at 2012-10-12 02:23:07 -0700
Served asset /jquery.js - 304 Not Modified (0ms)


Started GET "/assets/application.js?body=1" for 127.0.0.1 at 2012-10-12 02:23:07 -0700
Served asset /application.js - 304 Not Modified (1ms)


Started GET "/assets/jquery_ujs.js?body=1" for 127.0.0.1 at 2012-10-12 02:23:07 -0700
Served asset /jquery_ujs.js - 304 Not Modified (0ms)
Connecting to database specified by database.yml
  [1m[36m (0.1ms)[0m  [1mSELECT "schema_migrations"."version" FROM "schema_migrations" [0m
Migrating to CreateCourses (20121012074851)
  [1m[35m (0.9ms)[0m  select sqlite_version(*)
  [1m[36m (0.1ms)[0m  [1mSELECT "schema_migrations"."version" FROM "schema_migrations" [0m
  [1m[35m (0.4ms)[0m  PRAGMA index_list("courses")
Connecting to database specified by database.yml
  [1m[36m (0.1ms)[0m  [1mSELECT "schema_migrations"."version" FROM "schema_migrations" [0m
  [1m[35m (0.1ms)[0m  begin transaction
  [1m[36mCourse Exists (0.2ms)[0m  [1mSELECT 1 AS one FROM "courses" WHERE "courses"."course_num" = 'course1' LIMIT 1[0m
  [1m[35mCourse Exists (0.6ms)[0m  SELECT 1 AS one FROM "courses" WHERE "courses"."title" = 'course1' LIMIT 1
  [1m[36m (0.1ms)[0m  [1mrollback transaction[0m
  [1m[35m (0.1ms)[0m  begin transaction
  [1m[36mCourse Exists (0.1ms)[0m  [1mSELECT 1 AS one FROM "courses" WHERE "courses"."course_num" = 'course2' LIMIT 1[0m
  [1m[35mCourse Exists (0.1ms)[0m  SELECT 1 AS one FROM "courses" WHERE "courses"."title" = 'course2' LIMIT 1
  [1m[36m (0.0ms)[0m  [1mrollback transaction[0m
  [1m[35m (0.0ms)[0m  begin transaction
  [1m[36mCourse Exists (0.1ms)[0m  [1mSELECT 1 AS one FROM "courses" WHERE "courses"."course_num" = 'course3' LIMIT 1[0m
  [1m[35mCourse Exists (0.1ms)[0m  SELECT 1 AS one FROM "courses" WHERE "courses"."title" = 'course3' LIMIT 1
  [1m[36m (0.1ms)[0m  [1mrollback transaction[0m
  [1m[35m (0.0ms)[0m  begin transaction
  [1m[36mCourse Exists (0.2ms)[0m  [1mSELECT 1 AS one FROM "courses" WHERE "courses"."course_num" = 'course4' LIMIT 1[0m
  [1m[35mCourse Exists (0.1ms)[0m  SELECT 1 AS one FROM "courses" WHERE "courses"."title" = 'course4' LIMIT 1
  [1m[36m (0.1ms)[0m  [1mrollback transaction[0m
  [1m[35m (0.0ms)[0m  begin transaction
  [1m[36mCourse Exists (0.1ms)[0m  [1mSELECT 1 AS one FROM "courses" WHERE "courses"."course_num" = 'course5' LIMIT 1[0m
  [1m[35mCourse Exists (0.1ms)[0m  SELECT 1 AS one FROM "courses" WHERE "courses"."title" = 'course5' LIMIT 1
  [1m[36m (0.1ms)[0m  [1mrollback transaction[0m


Started GET "/" for 127.0.0.1 at 2012-10-12 02:37:03 -0700
Connecting to database specified by database.yml
Processing by CoursesController#index as HTML
  [1m[36mCourse Load (0.1ms)[0m  [1mSELECT "courses".* FROM "courses" [0m
  Rendered courses/index.html.haml within layouts/application (4.3ms)
Completed 200 OK in 150ms (Views: 69.3ms | ActiveRecord: 7.6ms)


Started GET "/assets/application.css?body=1" for 127.0.0.1 at 2012-10-12 02:37:04 -0700
Served asset /application.css - 200 OK (1ms)


Started GET "/assets/application.js?body=1" for 127.0.0.1 at 2012-10-12 02:37:04 -0700
Served asset /application.js - 200 OK (29ms)


Started GET "/assets/jquery_ujs.js?body=1" for 127.0.0.1 at 2012-10-12 02:37:04 -0700
Served asset /jquery_ujs.js - 200 OK (1ms)


Started GET "/assets/jquery.js?body=1" for 127.0.0.1 at 2012-10-12 02:37:04 -0700
Served asset /jquery.js - 200 OK (1ms)


Started GET "/courses" for 127.0.0.1 at 2012-10-12 02:37:11 -0700
Processing by CoursesController#index as HTML
  [1m[35mCourse Load (0.2ms)[0m  SELECT "courses".* FROM "courses" 
  Rendered courses/index.html.haml within layouts/application (1.9ms)
Completed 200 OK in 9ms (Views: 8.4ms | ActiveRecord: 0.2ms)


Started GET "/assets/application.css?body=1" for 127.0.0.1 at 2012-10-12 02:37:11 -0700
Served asset /application.css - 304 Not Modified (0ms)


Started GET "/assets/jquery.js?body=1" for 127.0.0.1 at 2012-10-12 02:37:11 -0700
Served asset /jquery.js - 304 Not Modified (0ms)


Started GET "/assets/application.js?body=1" for 127.0.0.1 at 2012-10-12 02:37:11 -0700
Served asset /application.js - 304 Not Modified (2ms)


Started GET "/assets/jquery_ujs.js?body=1" for 127.0.0.1 at 2012-10-12 02:37:11 -0700
Served asset /jquery_ujs.js - 304 Not Modified (0ms)


Started GET "/courses" for 127.0.0.1 at 2012-10-12 02:37:12 -0700
Processing by CoursesController#index as HTML
  [1m[36mCourse Load (0.2ms)[0m  [1mSELECT "courses".* FROM "courses" [0m
  Rendered courses/index.html.haml within layouts/application (5.7ms)
Completed 200 OK in 11ms (Views: 9.9ms | ActiveRecord: 0.2ms)


Started GET "/assets/application.css?body=1" for 127.0.0.1 at 2012-10-12 02:37:12 -0700
Served asset /application.css - 304 Not Modified (0ms)


Started GET "/assets/application.js?body=1" for 127.0.0.1 at 2012-10-12 02:37:12 -0700
Served asset /application.js - 304 Not Modified (0ms)


Started GET "/assets/jquery_ujs.js?body=1" for 127.0.0.1 at 2012-10-12 02:37:12 -0700
Served asset /jquery_ujs.js - 304 Not Modified (0ms)


Started GET "/assets/jquery.js?body=1" for 127.0.0.1 at 2012-10-12 02:37:12 -0700
Served asset /jquery.js - 304 Not Modified (1ms)


Started GET "/courses" for 127.0.0.1 at 2012-10-12 02:37:14 -0700
Processing by CoursesController#index as HTML
  [1m[35mCourse Load (0.2ms)[0m  SELECT "courses".* FROM "courses" 
  Rendered courses/index.html.haml within layouts/application (1.5ms)
Completed 200 OK in 12ms (Views: 7.5ms | ActiveRecord: 0.2ms)


Started GET "/assets/application.css?body=1" for 127.0.0.1 at 2012-10-12 02:37:14 -0700
Served asset /application.css - 304 Not Modified (0ms)


Started GET "/assets/jquery.js?body=1" for 127.0.0.1 at 2012-10-12 02:37:14 -0700
Served asset /jquery.js - 304 Not Modified (1ms)


Started GET "/assets/application.js?body=1" for 127.0.0.1 at 2012-10-12 02:37:14 -0700
Served asset /application.js - 304 Not Modified (1ms)


Started GET "/assets/jquery_ujs.js?body=1" for 127.0.0.1 at 2012-10-12 02:37:14 -0700
Served asset /jquery_ujs.js - 304 Not Modified (0ms)


Started GET "/" for 127.0.0.1 at 2012-10-12 03:29:27 -0700
Connecting to database specified by database.yml
Processing by CoursesController#index as HTML
  [1m[36mCourse Load (0.1ms)[0m  [1mSELECT "courses".* FROM "courses" [0m
Completed 500 Internal Server Error in 232ms

ActionView::MissingTemplate (Missing template courses/index, application/index with {:locale=>[:en], :formats=>[:html], :handlers=>[:erb, :builder, :coffee]}. Searched in:
  * "/home/ubuntu/Git/FreEdu/app/views"
):
  actionpack (3.2.8) lib/action_view/path_set.rb:58:in `find'
  actionpack (3.2.8) lib/action_view/lookup_context.rb:109:in `find'
  actionpack (3.2.8) lib/action_view/renderer/abstract_renderer.rb:3:in `find_template'
  actionpack (3.2.8) lib/action_view/renderer/template_renderer.rb:34:in `determine_template'
  actionpack (3.2.8) lib/action_view/renderer/template_renderer.rb:10:in `render'
  actionpack (3.2.8) lib/action_view/renderer/renderer.rb:36:in `render_template'
  actionpack (3.2.8) lib/action_view/renderer/renderer.rb:17:in `render'
  actionpack (3.2.8) lib/abstract_controller/rendering.rb:110:in `_render_template'
  actionpack (3.2.8) lib/action_controller/metal/streaming.rb:225:in `_render_template'
  actionpack (3.2.8) lib/abstract_controller/rendering.rb:103:in `render_to_body'
  actionpack (3.2.8) lib/action_controller/metal/renderers.rb:28:in `render_to_body'
  actionpack (3.2.8) lib/action_controller/metal/compatibility.rb:50:in `render_to_body'
  actionpack (3.2.8) lib/abstract_controller/rendering.rb:88:in `render'
  actionpack (3.2.8) lib/action_controller/metal/rendering.rb:16:in `render'
  actionpack (3.2.8) lib/action_controller/metal/instrumentation.rb:40:in `block (2 levels) in render'
  activesupport (3.2.8) lib/active_support/core_ext/benchmark.rb:5:in `block in ms'
  /usr/local/lib/ruby/1.9.1/benchmark.rb:310:in `realtime'
  activesupport (3.2.8) lib/active_support/core_ext/benchmark.rb:5:in `ms'
  actionpack (3.2.8) lib/action_controller/metal/instrumentation.rb:40:in `block in render'
  actionpack (3.2.8) lib/action_controller/metal/instrumentation.rb:83:in `cleanup_view_runtime'
  activerecord (3.2.8) lib/active_record/railties/controller_runtime.rb:24:in `cleanup_view_runtime'
  actionpack (3.2.8) lib/action_controller/metal/instrumentation.rb:39:in `render'
  actionpack (3.2.8) lib/action_controller/metal/implicit_render.rb:10:in `default_render'
  actionpack (3.2.8) lib/action_controller/metal/implicit_render.rb:5:in `send_action'
  actionpack (3.2.8) lib/abstract_controller/base.rb:167:in `process_action'
  actionpack (3.2.8) lib/action_controller/metal/rendering.rb:10:in `process_action'
  actionpack (3.2.8) lib/abstract_controller/callbacks.rb:18:in `block in process_action'
  activesupport (3.2.8) lib/active_support/callbacks.rb:414:in `_run__294846593__process_action__841473102__callbacks'
  activesupport (3.2.8) lib/active_support/callbacks.rb:405:in `__run_callback'
  activesupport (3.2.8) lib/active_support/callbacks.rb:385:in `_run_process_action_callbacks'
  activesupport (3.2.8) lib/active_support/callbacks.rb:81:in `run_callbacks'
  actionpack (3.2.8) lib/abstract_controller/callbacks.rb:17:in `process_action'
  actionpack (3.2.8) lib/action_controller/metal/rescue.rb:29:in `process_action'
  actionpack (3.2.8) lib/action_controller/metal/instrumentation.rb:30:in `block in process_action'
  activesupport (3.2.8) lib/active_support/notifications.rb:123:in `block in instrument'
  activesupport (3.2.8) lib/active_support/notifications/instrumenter.rb:20:in `instrument'
  activesupport (3.2.8) lib/active_support/notifications.rb:123:in `instrument'
  actionpack (3.2.8) lib/action_controller/metal/instrumentation.rb:29:in `process_action'
  actionpack (3.2.8) lib/action_controller/metal/params_wrapper.rb:207:in `process_action'
  activerecord (3.2.8) lib/active_record/railties/controller_runtime.rb:18:in `process_action'
  actionpack (3.2.8) lib/abstract_controller/base.rb:121:in `process'
  actionpack (3.2.8) lib/abstract_controller/rendering.rb:45:in `process'
  actionpack (3.2.8) lib/action_controller/metal.rb:203:in `dispatch'
  actionpack (3.2.8) lib/action_controller/metal/rack_delegation.rb:14:in `dispatch'
  actionpack (3.2.8) lib/action_controller/metal.rb:246:in `block in action'
  actionpack (3.2.8) lib/action_dispatch/routing/route_set.rb:73:in `call'
  actionpack (3.2.8) lib/action_dispatch/routing/route_set.rb:73:in `dispatch'
  actionpack (3.2.8) lib/action_dispatch/routing/route_set.rb:36:in `call'
  journey (1.0.4) lib/journey/router.rb:68:in `block in call'
  journey (1.0.4) lib/journey/router.rb:56:in `each'
  journey (1.0.4) lib/journey/router.rb:56:in `call'
  actionpack (3.2.8) lib/action_dispatch/routing/route_set.rb:600:in `call'
  actionpack (3.2.8) lib/action_dispatch/middleware/best_standards_support.rb:17:in `call'
  rack (1.4.1) lib/rack/etag.rb:23:in `call'
  rack (1.4.1) lib/rack/conditionalget.rb:25:in `call'
  actionpack (3.2.8) lib/action_dispatch/middleware/head.rb:14:in `call'
  actionpack (3.2.8) lib/action_dispatch/middleware/params_parser.rb:21:in `call'
  actionpack (3.2.8) lib/action_dispatch/middleware/flash.rb:242:in `call'
  rack (1.4.1) lib/rack/session/abstract/id.rb:205:in `context'
  rack (1.4.1) lib/rack/session/abstract/id.rb:200:in `call'
  actionpack (3.2.8) lib/action_dispatch/middleware/cookies.rb:339:in `call'
  activerecord (3.2.8) lib/active_record/query_cache.rb:64:in `call'
  activerecord (3.2.8) lib/active_record/connection_adapters/abstract/connection_pool.rb:473:in `call'
  actionpack (3.2.8) lib/action_dispatch/middleware/callbacks.rb:28:in `block in call'
  activesupport (3.2.8) lib/active_support/callbacks.rb:405:in `_run__980189105__call__866818747__callbacks'
  activesupport (3.2.8) lib/active_support/callbacks.rb:405:in `__run_callback'
  activesupport (3.2.8) lib/active_support/callbacks.rb:385:in `_run_call_callbacks'
  activesupport (3.2.8) lib/active_support/callbacks.rb:81:in `run_callbacks'
  actionpack (3.2.8) lib/action_dispatch/middleware/callbacks.rb:27:in `call'
  actionpack (3.2.8) lib/action_dispatch/middleware/reloader.rb:65:in `call'
  actionpack (3.2.8) lib/action_dispatch/middleware/remote_ip.rb:31:in `call'
  actionpack (3.2.8) lib/action_dispatch/middleware/debug_exceptions.rb:16:in `call'
  actionpack (3.2.8) lib/action_dispatch/middleware/show_exceptions.rb:56:in `call'
  railties (3.2.8) lib/rails/rack/logger.rb:26:in `call_app'
  railties (3.2.8) lib/rails/rack/logger.rb:16:in `call'
  actionpack (3.2.8) lib/action_dispatch/middleware/request_id.rb:22:in `call'
  rack (1.4.1) lib/rack/methodoverride.rb:21:in `call'
  rack (1.4.1) lib/rack/runtime.rb:17:in `call'
  activesupport (3.2.8) lib/active_support/cache/strategy/local_cache.rb:72:in `call'
  rack (1.4.1) lib/rack/lock.rb:15:in `call'
  actionpack (3.2.8) lib/action_dispatch/middleware/static.rb:62:in `call'
  railties (3.2.8) lib/rails/engine.rb:479:in `call'
  railties (3.2.8) lib/rails/application.rb:223:in `call'
  rack (1.4.1) lib/rack/content_length.rb:14:in `call'
  railties (3.2.8) lib/rails/rack/log_tailer.rb:17:in `call'
  rack (1.4.1) lib/rack/handler/webrick.rb:59:in `service'
  /usr/local/lib/ruby/1.9.1/webrick/httpserver.rb:111:in `service'
  /usr/local/lib/ruby/1.9.1/webrick/httpserver.rb:70:in `run'
  /usr/local/lib/ruby/1.9.1/webrick/server.rb:183:in `block in start_thread'


  Rendered /usr/local/lib/ruby/gems/1.9.1/gems/actionpack-3.2.8/lib/action_dispatch/middleware/templates/rescues/missing_template.erb within rescues/layout (15.7ms)
