2012-11-04 23:34:47 963 1995.72933011 424 409.603262926 1704.67836436 1598.94572594 396.783604166
2012-11-04 23:34:48 836 1725.29139919 272 285.29945324 1101.65422139 1066.70650607 658.584893119
2012-11-04 23:34:49 782 1513.72828057 281 281.728757967 1143.21095559 1042.08083384 471.64744673
2012-11-04 23:34:50 720 1409.05633628 388 397.615047393 1572.01603511 1461.47568534 0
2012-11-04 23:34:51 764 1507.9199783 351 357.680323014 1368.93211687 1367.85855429 140.061424005
2012-11-04 23:34:52 563 1140.36439357 272 270.392021258 1087.21896448 1005.10586371 135.258529858
2012-11-04 23:34:53 949 1986.07768767 366 362.77105405 1407.97637696 1289.19654184 696.881145826
2012-11-04 23:34:54 800 1584.93952873 445 428.154489454 1833.41918286 1806.10134658 0
2012-11-04 23:34:55 616 1282.82224092 263 272.411739111 1008.23403624 969.344351446 313.477889474
2012-11-04 23:34:56 582 1109.28141048 287 292.364411724 1124.64973287 1057.56879944 51.7126110345
2012-11-04 23:34:57 933 1955.67165795 425 417.87443514 1722.76280701 1608.58201078 347.089647174
2012-11-04 23:41:54 865 1752.53669278 486 481.963585128 1910.87614157 1759.70545145 0
2012-11-04 23:41:55 592 1201.78546444 344 329.435549302 1440.69023959 1337.61077866 0
2012-11-04 23:41:56 545 1041.23338584 492 470.113167147 2027.0945979 1971.86508511 0
2012-11-04 23:41:57 767 1467.18210372 295 303.604950241 1219.9703244 1123.69282855 343.489275164
2012-11-04 23:41:58 702 1451.72671688 485 472.039375947 1963.85641838 1771.90032195 0
2012-11-04 23:41:59 880 1788.88968234 345 339.76293745 1434.20008657 1330.17331992 458.716362423
2012-11-04 23:42:00 807 1614.40187906 310 308.241317498 1269.00874896 1229.53703688 384.86484218
2012-11-04 23:42:01 972 2037.33260378 479 467.61398138 1995.42802005 1910.42146344 126.911140343
2012-11-04 23:42:02 582 1125.26885971 448 469.422476732 1706.55158167 1610.01587691 0
2012-11-04 23:42:03 657 1343.88220786 379 373.990145967 1525.86172787 1446.18126363 0
2012-11-04 23:42:05 840 1763.58901518 433 420.870312586 1771.115634 1747.53320681 16.0558083703
2012-11-04 23:42:06 780 1633.77766882 387 381.542690882 1560.3135576 1535.99867826 97.7789905626
2012-11-04 23:42:07 586 1118.78597002 499 476.318818128 2004.93312733 1985.5182088 0
2012-11-04 23:42:08 691 1420.65641281 436 455.61666448 1693.41189406 1545.5966098 0
2012-11-04 23:42:09 590 1224.55068621 406 402.341236689 1600.86650659 1453.39030784 0
2012-11-04 23:42:10 677 1303.94191846 486 469.344115536 1953.64125345 1940.13788755 0
2012-11-04 23:42:11 866 1739.02781266 388 387.194046281 1552.67295115 1548.39585836 190.631954305
2012-11-04 23:42:12 997 1941.41673651 488 464.257792501 1876.69138218 1840.93911819 100.477618314
2012-11-05 00:02:41 804 1543.34372316 405 391.980621101 1551.15011435 1404.08298208 139.260741079
2012-11-05 00:02:42 655 1277.95587707 308 292.970311638 1267.88976043 1267.75599163 10.1998854396
2012-11-05 00:02:43 681 1407.10568022 415 409.187510968 1695.39743647 1557.99205258 0
2012-11-05 00:02:44 502 973.113752498 286 289.136962766 1143.69705178 1106.31049762 0
2012-11-05 00:02:45 870 1674.71483359 461 463.226522918 1878.88946952 1719.80702309 0
