2012-12-04 17:16:30 592 1164.340298 486 509.030878045 1969.24380227 1828.15658668 0
2012-12-04 17:16:31 679 1400.57773924 400 410.601727181 1662.78367218 1604.52632581 0
2012-12-04 17:16:32 515 1055.3696649 440 457.621847958 1740.36931432 1666.9174876 0
2012-12-04 17:16:33 889 1832.99634092 309 315.627963009 1201.58930776 1186.26911544 646.727225478
2012-12-04 17:16:34 932 1825.33751879 484 505.567936315 1999.74968397 1883.22309379 0
2012-12-04 17:16:35 825 1725.13267009 261 250.413919075 1044.22320902 990.790450947 734.342219146
2012-12-04 17:16:36 995 2089.16994254 272 275.843180742 1122.46251387 1068.50394848 1020.66599406
2012-12-04 17:16:37 997 1974.70832468 431 409.725697169 1808.54854069 1729.91367508 244.794649599
2012-12-04 17:16:38 808 1663.97940232 364 356.031421481 1465.55267377 1409.59916228 254.380240037
2012-12-04 17:16:39 692 1352.5016279 265 262.25358563 1060.23892676 1019.95132256 332.550305337
2012-12-04 17:16:40 894 1853.16341764 256 245.03350145 1052.66862026 989.684794318 863.478623324
2012-12-04 17:16:41 967 1852.52975912 333 344.59220091 1354.4341048 1304.56884146 547.960917658
2012-12-04 17:16:42 504 985.643063299 326 326.5859802 1354.5291954 1223.6867737 0
2012-12-04 17:16:43 550 1049.90884801 357 360.894346688 1393.41025072 1340.11812923 0
2012-12-04 17:16:44 531 1009.85163135 322 320.475625851 1260.16401357 1247.09433316 0
2012-12-04 17:16:45 562 1123.69380369 435 452.237562531 1672.50939308 1586.28396283 0
2012-12-04 17:16:46 525 1040.93118326 284 286.071839992 1155.14191616 1064.4427514 0
2012-12-04 17:16:47 881 1679.93741165 427 435.358447217 1790.52992315 1660.32125107 19.6161605826
2012-12-04 17:16:48 869 1673.04649127 318 333.777917889 1246.07826371 1219.48216457 453.564326695
2012-12-04 17:16:49 599 1209.9820692 326 317.51732879 1247.84262638 1125.20732737 84.7747418292
2012-12-04 17:16:50 681 1353.51946645 399 412.888097276 1527.56331625 1519.45745064 0
2012-12-04 17:16:51 527 1055.71158757 394 395.74509568 1528.04735923 1437.65805606 0
2012-12-04 17:16:52 603 1147.01701789 427 414.879441844 1708.63319747 1570.11364708 0
2012-12-04 17:16:53 504 1016.29359986 369 384.430148092 1541.91317876 1437.1000684 0
2012-12-04 17:16:54 686 1330.45186561 272 264.828599981 1105.89817065 1095.07294756 235.378918048
2012-12-04 17:16:55 667 1306.80815998 448 436.797645008 1709.01350214 1681.83818934 0
2012-12-04 17:16:56 776 1510.23960394 471 477.540559341 1900.11118359 1892.48971933 0
2012-12-04 17:16:57 849 1728.38916754 334 341.368864888 1382.17907226 1326.69553604 401.693631504
2012-12-04 17:16:58 939 1965.72475699 315 313.597307385 1261.33739903 1195.26742562 770.45733137
2012-12-04 17:16:59 829 1712.96051263 345 353.167167087 1407.80453681 1392.57182644 320.388686194
2012-12-04 17:17:00 926 1886.67225886 370 372.437917635 1495.87784005 1435.42742616 451.2448327
2012-12-04 17:17:01 599 1211.03425922 311 315.984757001 1225.46367672 1155.50150115 55.5327580676
2012-12-04 17:17:02 914 1830.69581586 290 302.39003068 1117.5845717 1006.32578376 824.370032103
2012-12-04 17:17:03 771 1540.22508153 298 307.85457002 1236.72857266 1163.39588851 376.829193014
2012-12-04 17:17:04 611 1271.43087718 413 413.643611184 1732.99032689 1697.63006392 0
2012-12-04 17:17:05 592 1177.63271177 462 438.919747805 1860.56547863 1809.22783378 0
2012-12-04 17:17:06 797 1631.10705967 371 371.403780172 1434.21995032 1361.5022834 269.60477627
2012-12-04 17:17:07 933 1813.75239556 391 393.924855227 1561.50212334 1528.00799048 285.744405082
2012-12-04 17:17:08 738 1522.26077251 316 322.72396999 1295.99144175 1260.5787163 261.682056214
2012-12-04 17:17:09 530 1071.01232428 270 270.004103363 1062.1908559 1035.29498497 35.717339314
2012-12-04 17:17:10 670 1371.60897249 354 337.785064737 1366.48188535 1311.81996299 59.7890094941
2012-12-04 17:17:11 864 1769.97112207 286 278.486951871 1137.94253999 1077.96252566 692.00859641
2012-12-04 17:17:12 934 1856.91278946 319 317.334408518 1251.71702571 1177.45478366 679.4580058
2012-12-04 17:17:13 805 1655.74725323 375 362.312089183 1551.63035304 1494.95730794 160.789945284
2012-12-04 17:17:14 670 1372.46210803 398 397.556289368 1562.86406064 1520.26454111 0
2012-12-04 17:17:15 813 1585.48310763 407 426.137324055 1583.67187617 1442.83529263 142.647814998
2012-12-04 17:17:16 889 1809.77162031 309 311.378011443 1218.40333145 1177.22283968 632.548780632
2012-12-04 17:17:17 802 1562.35146658 441 442.337126537 1847.45604185 1690.27833246 0
2012-12-04 17:17:18 784 1527.46437876 483 485.028136976 1924.46174125 1736.94044248 0
2012-12-04 17:17:19 890 1718.27356631 489 503.375403549 1999.90218759 1995.01748108 0
2012-12-04 17:17:20 643 1349.48439064 459 471.50789739 1905.07065704 1896.02703611 0
2012-12-04 17:17:21 821 1635.65617968 291 276.776309947 1184.19409073 1073.73260872 561.92357096
2012-12-04 17:17:22 934 1837.6460271 419 423.604808073 1651.95756503 1503.62065725 334.025369853
2012-12-04 17:17:23 586 1133.11654484 491 470.250646517 2037.62030888 2024.93772759 0
2012-12-04 17:17:24 685 1393.42478654 361 358.590276669 1490.82895589 1393.02834928 0.396437259903
2012-12-04 17:17:25 737 1486.70450625 306 298.839866746 1219.55987048 1199.05199781 287.65250844
2012-12-04 17:17:26 985 2012.34197645 358 373.829207048 1487.53266113 1444.92335034 567.418626109
2012-12-04 17:17:27 669 1296.03849773 477 455.413495731 1818.34887533 1661.06245446 0
2012-12-04 17:17:28 500 988.991264195 403 397.183274918 1540.04252734 1532.94851973 0
2012-12-04 17:17:29 678 1333.18939885 392 404.024125004 1587.85985832 1537.30864835 0
2012-12-04 17:17:30 710 1407.68361675 340 338.155433226 1398.02641061 1301.43785137 106.245765386
2012-12-04 17:17:31 683 1415.50603568 315 314.327642042 1244.03545619 1185.14570558 230.3603301
2012-12-04 17:17:32 920 1883.17410522 368 380.369758655 1517.67854097 1439.38328112 443.790824103
2012-12-04 17:17:33 764 1562.5544415 300 299.297934034 1253.00716253 1166.97367015 395.580771349
2012-12-04 17:17:34 635 1305.32270288 370 377.822575354 1447.71309325 1411.82676474 0
2012-12-04 17:17:35 516 1003.6833344 439 430.539985686 1705.02203014 1575.64670515 0
2012-12-04 17:17:36 508 1044.41956486 259 250.136398258 1000.03416952 977.86515869 66.5544061714
2012-12-04 17:17:37 949 1886.73107132 340 330.425965883 1425.83156312 1400.77730089 485.953770432
2012-12-04 17:17:38 887 1847.57720794 348 354.25468912 1424.18550077 1386.65504439 460.922163548
2012-12-04 17:17:39 647 1328.81496913 366 353.720441198 1512.04809014 1443.38804356 0
2012-12-04 17:17:40 679 1298.06025098 487 496.264271895 1860.21906226 1803.46018128 0
2012-12-04 17:17:41 809 1574.87338625 361 348.492974933 1425.36834565 1338.72124171 236.152144536
2012-12-04 17:17:42 840 1624.62041249 325 340.807369314 1325.05076735 1211.7069721 412.913440384
2012-12-04 17:17:43 828 1583.07417473 433 441.286224605 1791.19470859 1618.30551819 0
2012-12-04 17:17:44 998 1949.91083865 328 331.546003362 1275.10729445 1163.11600831 786.794830342
2012-12-04 17:17:45 973 2033.37121209 472 468.73900693 1832.93323108 1776.38467448 256.986537617
2012-12-04 17:17:46 511 985.74666668 480 498.093005235 1993.83029599 1915.74871753 0
2012-12-04 17:17:47 917 1788.14557305 257 249.177865474 1033.10593613 993.53346065 794.612112397
2012-12-04 17:17:48 914 1796.3677356 305 294.083905828 1207.9750256 1155.04452125 641.323214354
